#
# There is insufficient memory for the Java Runtime Environment to continue.
# Native memory allocation (malloc) failed to allocate 1154096 bytes for Chunk::new
# Possible reasons:
#   The system is out of physical RAM or swap space
#   The process is running with CompressedOops enabled, and the Java Heap may be blocking the growth of the native heap
# Possible solutions:
#   Reduce memory load on the system
#   Increase physical memory or swap space
#   Check if swap backing store is full
#   Decrease Java heap size (-Xmx/-Xms)
#   Decrease number of Java threads
#   Decrease Java thread stack sizes (-Xss)
#   Set larger code cache with -XX:ReservedCodeCacheSize=
#   JVM is running with Unscaled Compressed Oops mode in which the Java heap is
#     placed in the first 4GB address space. The Java Heap base address is the
#     maximum limit for the native heap growth. Please use -XX:HeapBaseMinAddress
#     to set the Java Heap base and to place the Java Heap above 4GB virtual address.
# This output file may be truncated or incomplete.
#
#  Out of Memory Error (arena.cpp:168), pid=20208, tid=11552
#
# JRE version: OpenJDK Runtime Environment (21.0.1+12) (build 21.0.1+12-29)
# Java VM: OpenJDK 64-Bit Server VM (21.0.1+12-29, mixed mode, sharing, tiered, compressed oops, compressed class ptrs, g1 gc, windows-amd64)
# No core dump will be written. Minidumps are not enabled by default on client versions of Windows
#

---------------  S U M M A R Y ------------

Command Line: --add-opens=java.base/java.util.concurrent.atomic=ALL-UNNAMED -XX:MaxMetaspaceSize=384m -XX:+HeapDumpOnOutOfMemoryError --add-opens=java.base/java.util=ALL-UNNAMED --add-opens=java.base/java.lang=ALL-UNNAMED --add-opens=java.base/java.lang.invoke=ALL-UNNAMED --add-opens=java.prefs/java.util.prefs=ALL-UNNAMED --add-opens=java.base/java.nio.charset=ALL-UNNAMED --add-opens=java.base/java.net=ALL-UNNAMED --add-opens=java.base/java.util.concurrent.atomic=ALL-UNNAMED -Xms256m -Xmx512m -Dfile.encoding=windows-1251 -Duser.country=RU -Duser.language=ru -Duser.variant -javaagent:C:\Users\User\.gradle\wrapper\dists\gradle-8.7-bin\bhs2wmbdwecv87pi65oeuq5iu\gradle-8.7\lib\agents\gradle-instrumentation-agent-8.7.jar org.gradle.launcher.daemon.bootstrap.GradleDaemon 8.7

Host: AMD Ryzen 5 2600 Six-Core Processor            , 12 cores, 31G,  Windows 10 , 64 bit Build 18362 (10.0.18362.778)
Time: Mon May 20 16:14:19 2024 RTZ 4 (зима) elapsed time: 12.959203 seconds (0d 0h 0m 12s)

---------------  T H R E A D  ---------------

Current thread (0x0000027aaf748150):  JavaThread "C2 CompilerThread2" daemon [_thread_in_native, id=11552, stack(0x000000d595e00000,0x000000d595f00000) (1024K)]


Current CompileTask:
C2:  12959 8445   !   4       java.net.URLClassLoader$1::run (81 bytes)

Stack: [0x000000d595e00000,0x000000d595f00000]
Native frames: (J=compiled Java code, j=interpreted, Vv=VM code, C=native code)
V  [jvm.dll+0x6c9029]
V  [jvm.dll+0x854b81]
V  [jvm.dll+0x856e5e]
V  [jvm.dll+0x857543]
V  [jvm.dll+0x280c06]
V  [jvm.dll+0xc3ead]
V  [jvm.dll+0xc43c3]
V  [jvm.dll+0x3b5732]
V  [jvm.dll+0x382475]
V  [jvm.dll+0x3818ea]
V  [jvm.dll+0x249ad0]
V  [jvm.dll+0x2490b1]
V  [jvm.dll+0x1c9ca1]
V  [jvm.dll+0x2586b9]
V  [jvm.dll+0x256c9a]
V  [jvm.dll+0x3ef1b6]
V  [jvm.dll+0x7fd728]
V  [jvm.dll+0x6c777d]
C  [ucrtbase.dll+0x20e82]
C  [KERNEL32.DLL+0x17bd4]
C  [ntdll.dll+0x6ce51]


---------------  P R O C E S S  ---------------

Threads class SMR info:
_java_thread_list=0x0000027aab406cd0, length=56, elements={
0x0000027af4757cc0, 0x0000027a919705b0, 0x0000027a91971110, 0x0000027a91973b80,
0x0000027a919745e0, 0x0000027a919773b0, 0x0000027a91977e10, 0x0000027a9197e0c0,
0x0000027a91aa0080, 0x0000027a91931750, 0x0000027a91ccbb90, 0x0000027aacb34830,
0x0000027aacb10f70, 0x0000027aabdb6e30, 0x0000027aac7dd0b0, 0x0000027aac7dd720,
0x0000027aac873490, 0x0000027aacafc570, 0x0000027aacd00aa0, 0x0000027aacd01130,
0x0000027aacd017c0, 0x0000027aaccffd80, 0x0000027aaccff060, 0x0000027aacd01e50,
0x0000027aaf3abc10, 0x0000027aaf3ab580, 0x0000027aaf3acfc0, 0x0000027aaf3aa1d0,
0x0000027aaf3ad650, 0x0000027aaf3a8790, 0x0000027aaf3a94b0, 0x0000027aaf3ae370,
0x0000027aaf3ac2a0, 0x0000027aaf3ac930, 0x0000027aaf3aea00, 0x0000027aaf3a7a70,
0x0000027aaf3a9b40, 0x0000027aaf3a8e20, 0x0000027aaf3af090, 0x0000027aaf3aa860,
0x0000027aaf3aaef0, 0x0000027ab071fba0, 0x0000027ab071e160, 0x0000027ab071cdb0,
0x0000027ab0719fc0, 0x0000027ab07208c0, 0x0000027ab071c720, 0x0000027ab071f510,
0x0000027ab0719930, 0x0000027ab071d440, 0x0000027ab071ee80, 0x0000027ab071dad0,
0x0000027aaeb8f2b0, 0x0000027aaeb90660, 0x0000027ab1015850, 0x0000027aaf748150
}

Java Threads: ( => current thread )
  0x0000027af4757cc0 JavaThread "main"                              [_thread_blocked, id=13056, stack(0x000000d591500000,0x000000d591600000) (1024K)]
  0x0000027a919705b0 JavaThread "Reference Handler"          daemon [_thread_blocked, id=16248, stack(0x000000d591d00000,0x000000d591e00000) (1024K)]
  0x0000027a91971110 JavaThread "Finalizer"                  daemon [_thread_blocked, id=6184, stack(0x000000d591e00000,0x000000d591f00000) (1024K)]
  0x0000027a91973b80 JavaThread "Signal Dispatcher"          daemon [_thread_blocked, id=16488, stack(0x000000d591f00000,0x000000d592000000) (1024K)]
  0x0000027a919745e0 JavaThread "Attach Listener"            daemon [_thread_blocked, id=16564, stack(0x000000d592000000,0x000000d592100000) (1024K)]
  0x0000027a919773b0 JavaThread "Service Thread"             daemon [_thread_blocked, id=15672, stack(0x000000d592100000,0x000000d592200000) (1024K)]
  0x0000027a91977e10 JavaThread "Monitor Deflation Thread"   daemon [_thread_blocked, id=19656, stack(0x000000d592200000,0x000000d592300000) (1024K)]
  0x0000027a9197e0c0 JavaThread "C2 CompilerThread0"         daemon [_thread_in_native, id=25312, stack(0x000000d592300000,0x000000d592400000) (1024K)]
  0x0000027a91aa0080 JavaThread "C1 CompilerThread0"         daemon [_thread_blocked, id=4052, stack(0x000000d592400000,0x000000d592500000) (1024K)]
  0x0000027a91931750 JavaThread "Common-Cleaner"             daemon [_thread_blocked, id=11544, stack(0x000000d592500000,0x000000d592600000) (1024K)]
  0x0000027a91ccbb90 JavaThread "Notification Thread"        daemon [_thread_blocked, id=20500, stack(0x000000d592600000,0x000000d592700000) (1024K)]
  0x0000027aacb34830 JavaThread "Daemon health stats"               [_thread_blocked, id=16864, stack(0x000000d592800000,0x000000d592900000) (1024K)]
  0x0000027aacb10f70 JavaThread "Incoming local TCP Connector on port 54601"        [_thread_in_native, id=24820, stack(0x000000d592e00000,0x000000d592f00000) (1024K)]
  0x0000027aabdb6e30 JavaThread "Daemon periodic checks"            [_thread_blocked, id=4340, stack(0x000000d592f00000,0x000000d593000000) (1024K)]
  0x0000027aac7dd0b0 JavaThread "Daemon"                            [_thread_blocked, id=4224, stack(0x000000d593000000,0x000000d593100000) (1024K)]
  0x0000027aac7dd720 JavaThread "Handler for socket connection from /127.0.0.1:54601 to /127.0.0.1:54602"        [_thread_in_native, id=7840, stack(0x000000d593100000,0x000000d593200000) (1024K)]
  0x0000027aac873490 JavaThread "Cancel handler"                    [_thread_blocked, id=1504, stack(0x000000d593200000,0x000000d593300000) (1024K)]
  0x0000027aacafc570 JavaThread "Daemon worker"                     [_thread_in_Java, id=19268, stack(0x000000d593300000,0x000000d593400000) (1024K)]
  0x0000027aacd00aa0 JavaThread "Asynchronous log dispatcher for DefaultDaemonConnection: socket connection from /127.0.0.1:54601 to /127.0.0.1:54602"        [_thread_blocked, id=15032, stack(0x000000d593400000,0x000000d593500000) (1024K)]
  0x0000027aacd01130 JavaThread "Stdin handler"                     [_thread_blocked, id=25792, stack(0x000000d593500000,0x000000d593600000) (1024K)]
  0x0000027aacd017c0 JavaThread "Daemon client event forwarder"        [_thread_blocked, id=23232, stack(0x000000d593600000,0x000000d593700000) (1024K)]
  0x0000027aaccffd80 JavaThread "Cache worker for journal cache (C:\Users\User\.gradle\caches\journal-1)"        [_thread_blocked, id=23400, stack(0x000000d593700000,0x000000d593800000) (1024K)]
  0x0000027aaccff060 JavaThread "File lock request listener"        [_thread_in_native, id=16168, stack(0x000000d593800000,0x000000d593900000) (1024K)]
  0x0000027aacd01e50 JavaThread "Cache worker for file hash cache (C:\Users\User\.gradle\caches\8.7\fileHashes)"        [_thread_blocked, id=18588, stack(0x000000d593900000,0x000000d593a00000) (1024K)]
  0x0000027aaf3abc10 JavaThread "Cache worker for file hash cache (F:\java\CompilerPlugin\.gradle\8.7\fileHashes)"        [_thread_blocked, id=24132, stack(0x000000d594100000,0x000000d594200000) (1024K)]
  0x0000027aaf3ab580 JavaThread "File watcher server"        daemon [_thread_in_native, id=26320, stack(0x000000d594200000,0x000000d594300000) (1024K)]
  0x0000027aaf3acfc0 JavaThread "File watcher consumer"      daemon [_thread_blocked, id=20996, stack(0x000000d594300000,0x000000d594400000) (1024K)]
  0x0000027aaf3aa1d0 JavaThread "jar transforms"                    [_thread_blocked, id=5288, stack(0x000000d594400000,0x000000d594500000) (1024K)]
  0x0000027aaf3ad650 JavaThread "jar transforms Thread 2"           [_thread_blocked, id=23828, stack(0x000000d594500000,0x000000d594600000) (1024K)]
  0x0000027aaf3a8790 JavaThread "jar transforms Thread 3"           [_thread_blocked, id=23764, stack(0x000000d594600000,0x000000d594700000) (1024K)]
  0x0000027aaf3a94b0 JavaThread "jar transforms Thread 4"           [_thread_blocked, id=14800, stack(0x000000d594700000,0x000000d594800000) (1024K)]
  0x0000027aaf3ae370 JavaThread "jar transforms Thread 5"           [_thread_blocked, id=26004, stack(0x000000d594800000,0x000000d594900000) (1024K)]
  0x0000027aaf3ac2a0 JavaThread "jar transforms Thread 6"           [_thread_blocked, id=22064, stack(0x000000d594900000,0x000000d594a00000) (1024K)]
  0x0000027aaf3ac930 JavaThread "jar transforms Thread 7"           [_thread_blocked, id=23184, stack(0x000000d594a00000,0x000000d594b00000) (1024K)]
  0x0000027aaf3aea00 JavaThread "jar transforms Thread 8"           [_thread_blocked, id=3588, stack(0x000000d594b00000,0x000000d594c00000) (1024K)]
  0x0000027aaf3a7a70 JavaThread "jar transforms Thread 9"           [_thread_blocked, id=6676, stack(0x000000d594c00000,0x000000d594d00000) (1024K)]
  0x0000027aaf3a9b40 JavaThread "jar transforms Thread 10"          [_thread_blocked, id=12832, stack(0x000000d594d00000,0x000000d594e00000) (1024K)]
  0x0000027aaf3a8e20 JavaThread "jar transforms Thread 11"          [_thread_blocked, id=25508, stack(0x000000d594e00000,0x000000d594f00000) (1024K)]
  0x0000027aaf3af090 JavaThread "jar transforms Thread 12"          [_thread_blocked, id=2688, stack(0x000000d594f00000,0x000000d595000000) (1024K)]
  0x0000027aaf3aa860 JavaThread "Cache worker for checksums cache (F:\java\CompilerPlugin\.gradle\8.7\checksums)"        [_thread_blocked, id=4780, stack(0x000000d595000000,0x000000d595100000) (1024K)]
  0x0000027aaf3aaef0 JavaThread "Cache worker for cache directory md-supplier (C:\Users\User\.gradle\caches\8.7\md-supplier)"        [_thread_blocked, id=26080, stack(0x000000d595100000,0x000000d595200000) (1024K)]
  0x0000027ab071fba0 JavaThread "Cache worker for cache directory md-rule (C:\Users\User\.gradle\caches\8.7\md-rule)"        [_thread_blocked, id=92, stack(0x000000d595200000,0x000000d595300000) (1024K)]
  0x0000027ab071e160 JavaThread "Cache worker for file content cache (C:\Users\User\.gradle\caches\8.7\fileContent)"        [_thread_blocked, id=23932, stack(0x000000d595300000,0x000000d595400000) (1024K)]
  0x0000027ab071cdb0 JavaThread "Unconstrained build operations"        [_thread_blocked, id=16868, stack(0x000000d593a00000,0x000000d593b00000) (1024K)]
  0x0000027ab0719fc0 JavaThread "Unconstrained build operations Thread 2"        [_thread_blocked, id=1512, stack(0x000000d595400000,0x000000d595500000) (1024K)]
  0x0000027ab07208c0 JavaThread "Unconstrained build operations Thread 3"        [_thread_blocked, id=5004, stack(0x000000d595500000,0x000000d595600000) (1024K)]
  0x0000027ab071c720 JavaThread "Unconstrained build operations Thread 4"        [_thread_blocked, id=2884, stack(0x000000d595600000,0x000000d595700000) (1024K)]
  0x0000027ab071f510 JavaThread "Unconstrained build operations Thread 5"        [_thread_blocked, id=22672, stack(0x000000d595700000,0x000000d595800000) (1024K)]
  0x0000027ab0719930 JavaThread "Unconstrained build operations Thread 6"        [_thread_blocked, id=15260, stack(0x000000d595800000,0x000000d595900000) (1024K)]
  0x0000027ab071d440 JavaThread "Unconstrained build operations Thread 7"        [_thread_blocked, id=15168, stack(0x000000d595900000,0x000000d595a00000) (1024K)]
  0x0000027ab071ee80 JavaThread "Unconstrained build operations Thread 8"        [_thread_blocked, id=21224, stack(0x000000d595a00000,0x000000d595b00000) (1024K)]
  0x0000027ab071dad0 JavaThread "Unconstrained build operations Thread 9"        [_thread_blocked, id=6244, stack(0x000000d595b00000,0x000000d595c00000) (1024K)]
  0x0000027aaeb8f2b0 JavaThread "Cache worker for Build Output Cleanup Cache (F:\java\CompilerPlugin\.gradle\buildOutputCleanup)"        [_thread_blocked, id=21512, stack(0x000000d595c00000,0x000000d595d00000) (1024K)]
  0x0000027aaeb90660 JavaThread "Memory manager"                    [_thread_blocked, id=11188, stack(0x000000d595d00000,0x000000d595e00000) (1024K)]
  0x0000027ab1015850 JavaThread "C2 CompilerThread1"         daemon [_thread_in_native, id=19092, stack(0x000000d592700000,0x000000d592800000) (1024K)]
=>0x0000027aaf748150 JavaThread "C2 CompilerThread2"         daemon [_thread_in_native, id=11552, stack(0x000000d595e00000,0x000000d595f00000) (1024K)]
Total: 56

Other Threads:
  0x0000027a9194c9a0 VMThread "VM Thread"                           [id=22820, stack(0x000000d591c00000,0x000000d591d00000) (1024K)]
  0x0000027a9192fac0 WatcherThread "VM Periodic Task Thread"        [id=13804, stack(0x000000d591b00000,0x000000d591c00000) (1024K)]
  0x0000027af4a38cc0 WorkerThread "GC Thread#0"                     [id=21768, stack(0x000000d591600000,0x000000d591700000) (1024K)]
  0x0000027aab4d0280 WorkerThread "GC Thread#1"                     [id=14120, stack(0x000000d592900000,0x000000d592a00000) (1024K)]
  0x0000027aab289530 WorkerThread "GC Thread#2"                     [id=18088, stack(0x000000d592a00000,0x000000d592b00000) (1024K)]
  0x0000027aab2898d0 WorkerThread "GC Thread#3"                     [id=17232, stack(0x000000d592b00000,0x000000d592c00000) (1024K)]
  0x0000027aab28a080 WorkerThread "GC Thread#4"                     [id=4860, stack(0x000000d592c00000,0x000000d592d00000) (1024K)]
  0x0000027aab2f29b0 WorkerThread "GC Thread#5"                     [id=3148, stack(0x000000d592d00000,0x000000d592e00000) (1024K)]
  0x0000027aaceb8a50 WorkerThread "GC Thread#6"                     [id=13372, stack(0x000000d593b00000,0x000000d593c00000) (1024K)]
  0x0000027aaceb7bd0 WorkerThread "GC Thread#7"                     [id=3508, stack(0x000000d593c00000,0x000000d593d00000) (1024K)]
  0x0000027aaceb8df0 WorkerThread "GC Thread#8"                     [id=13512, stack(0x000000d593d00000,0x000000d593e00000) (1024K)]
  0x0000027aaceb7490 WorkerThread "GC Thread#9"                     [id=12320, stack(0x000000d593e00000,0x000000d593f00000) (1024K)]
  0x0000027af4a3dd60 ConcurrentGCThread "G1 Main Marker"            [id=17832, stack(0x000000d591700000,0x000000d591800000) (1024K)]
  0x0000027af4a3ef10 WorkerThread "G1 Conc#0"                       [id=21192, stack(0x000000d591800000,0x000000d591900000) (1024K)]
  0x0000027aaceb7830 WorkerThread "G1 Conc#1"                       [id=8768, stack(0x000000d593f00000,0x000000d594000000) (1024K)]
  0x0000027aaceb7f70 WorkerThread "G1 Conc#2"                       [id=22276, stack(0x000000d594000000,0x000000d594100000) (1024K)]
  0x0000027a91804980 ConcurrentGCThread "G1 Refine#0"               [id=26216, stack(0x000000d591900000,0x000000d591a00000) (1024K)]
  0x0000027a918071c0 ConcurrentGCThread "G1 Service"                [id=10852, stack(0x000000d591a00000,0x000000d591b00000) (1024K)]
Total: 18

Threads with active compile tasks:
C2 CompilerThread0    12992 8444       4       java.net.URLClassLoader$1::run (5 bytes)
C2 CompilerThread1    12992 8515       4       org.jetbrains.org.objectweb.asm.ClassReader::readMethod (1061 bytes)
C2 CompilerThread2    12992 8445   !   4       java.net.URLClassLoader$1::run (81 bytes)
Total: 3

VM state: not at safepoint (normal execution)

VM Mutex/Monitor currently owned by a thread: None

Heap address: 0x00000000e0000000, size: 512 MB, Compressed Oops mode: 32-bit

CDS archive(s) mapped at: [0x0000027a92000000-0x0000027a92c90000-0x0000027a92c90000), size 13172736, SharedBaseAddress: 0x0000027a92000000, ArchiveRelocationMode: 1.
Compressed class space mapped at: 0x0000027a93000000-0x0000027aa7000000, reserved size: 335544320
Narrow klass base: 0x0000027a92000000, Narrow klass shift: 0, Narrow klass range: 0x100000000

GC Precious Log:
 CardTable entry size: 512
 Card Set container configuration: InlinePtr #cards 5 size 8 Array Of Cards #cards 12 size 40 Howl #buckets 4 coarsen threshold 1843 Howl Bitmap #cards 512 size 80 coarsen threshold 460 Card regions per heap region 1 cards per card region 2048
 CPUs: 12 total, 12 available
 Memory: 32698M
 Large Page Support: Disabled
 NUMA Support: Disabled
 Compressed Oops: Enabled (32-bit)
 Heap Region Size: 1M
 Heap Min Capacity: 256M
 Heap Initial Capacity: 256M
 Heap Max Capacity: 512M
 Pre-touch: Disabled
 Parallel Workers: 10
 Concurrent Workers: 3
 Concurrent Refinement Workers: 10
 Periodic GC: Disabled

Heap:
 garbage-first heap   total 264192K, used 188450K [0x00000000e0000000, 0x0000000100000000)
  region size 1024K, 93 young (95232K), 12 survivors (12288K)
 Metaspace       used 96502K, committed 98944K, reserved 458752K
  class space    used 13384K, committed 14592K, reserved 327680K

Heap Regions: E=young(eden), S=young(survivor), O=old, HS=humongous(starts), HC=humongous(continues), CS=collection set, F=free, TAMS=top-at-mark-start, PB=parsable bottom
|   0|0x00000000e0000000, 0x00000000e0100000, 0x00000000e0100000|100%|HS|  |TAMS 0x00000000e0000000| PB 0x00000000e0000000| Complete 
|   1|0x00000000e0100000, 0x00000000e0200000, 0x00000000e0200000|100%|HC|  |TAMS 0x00000000e0100000| PB 0x00000000e0100000| Complete 
|   2|0x00000000e0200000, 0x00000000e0300000, 0x00000000e0300000|100%|HC|  |TAMS 0x00000000e0200000| PB 0x00000000e0200000| Complete 
|   3|0x00000000e0300000, 0x00000000e0400000, 0x00000000e0400000|100%|HC|  |TAMS 0x00000000e0300000| PB 0x00000000e0300000| Complete 
|   4|0x00000000e0400000, 0x00000000e0500000, 0x00000000e0500000|100%| O|  |TAMS 0x00000000e0400000| PB 0x00000000e0400000| Untracked 
|   5|0x00000000e0500000, 0x00000000e0600000, 0x00000000e0600000|100%| O|  |TAMS 0x00000000e0500000| PB 0x00000000e0500000| Untracked 
|   6|0x00000000e0600000, 0x00000000e0700000, 0x00000000e0700000|100%| O|  |TAMS 0x00000000e0600000| PB 0x00000000e0600000| Untracked 
|   7|0x00000000e0700000, 0x00000000e0800000, 0x00000000e0800000|100%| O|  |TAMS 0x00000000e0700000| PB 0x00000000e0700000| Untracked 
|   8|0x00000000e0800000, 0x00000000e0900000, 0x00000000e0900000|100%| O|  |TAMS 0x00000000e0800000| PB 0x00000000e0800000| Untracked 
|   9|0x00000000e0900000, 0x00000000e0a00000, 0x00000000e0a00000|100%| O|  |TAMS 0x00000000e0900000| PB 0x00000000e0900000| Untracked 
|  10|0x00000000e0a00000, 0x00000000e0b00000, 0x00000000e0b00000|100%| O|  |TAMS 0x00000000e0a00000| PB 0x00000000e0a00000| Untracked 
|  11|0x00000000e0b00000, 0x00000000e0c00000, 0x00000000e0c00000|100%|HS|  |TAMS 0x00000000e0b00000| PB 0x00000000e0b00000| Complete 
|  12|0x00000000e0c00000, 0x00000000e0d00000, 0x00000000e0d00000|100%|HC|  |TAMS 0x00000000e0c00000| PB 0x00000000e0c00000| Complete 
|  13|0x00000000e0d00000, 0x00000000e0e00000, 0x00000000e0e00000|100%|HS|  |TAMS 0x00000000e0d00000| PB 0x00000000e0d00000| Complete 
|  14|0x00000000e0e00000, 0x00000000e0f00000, 0x00000000e0f00000|100%|HC|  |TAMS 0x00000000e0e00000| PB 0x00000000e0e00000| Complete 
|  15|0x00000000e0f00000, 0x00000000e1000000, 0x00000000e1000000|100%|HC|  |TAMS 0x00000000e0f00000| PB 0x00000000e0f00000| Complete 
|  16|0x00000000e1000000, 0x00000000e1100000, 0x00000000e1100000|100%|HS|  |TAMS 0x00000000e1000000| PB 0x00000000e1000000| Complete 
|  17|0x00000000e1100000, 0x00000000e1200000, 0x00000000e1200000|100%|HC|  |TAMS 0x00000000e1100000| PB 0x00000000e1100000| Complete 
|  18|0x00000000e1200000, 0x00000000e1300000, 0x00000000e1300000|100%|HC|  |TAMS 0x00000000e1200000| PB 0x00000000e1200000| Complete 
|  19|0x00000000e1300000, 0x00000000e1400000, 0x00000000e1400000|100%|HS|  |TAMS 0x00000000e1300000| PB 0x00000000e1300000| Complete 
|  20|0x00000000e1400000, 0x00000000e1500000, 0x00000000e1500000|100%|HC|  |TAMS 0x00000000e1400000| PB 0x00000000e1400000| Complete 
|  21|0x00000000e1500000, 0x00000000e1600000, 0x00000000e1600000|100%|HC|  |TAMS 0x00000000e1500000| PB 0x00000000e1500000| Complete 
|  22|0x00000000e1600000, 0x00000000e1700000, 0x00000000e1700000|100%| O|  |TAMS 0x00000000e1600000| PB 0x00000000e1600000| Untracked 
|  23|0x00000000e1700000, 0x00000000e1800000, 0x00000000e1800000|100%| O|  |TAMS 0x00000000e1700000| PB 0x00000000e1700000| Untracked 
|  24|0x00000000e1800000, 0x00000000e1900000, 0x00000000e1900000|100%| O|  |TAMS 0x00000000e1800000| PB 0x00000000e1800000| Untracked 
|  25|0x00000000e1900000, 0x00000000e1a00000, 0x00000000e1a00000|100%| O|  |TAMS 0x00000000e1900000| PB 0x00000000e1900000| Untracked 
|  26|0x00000000e1a00000, 0x00000000e1b00000, 0x00000000e1b00000|100%| O|  |TAMS 0x00000000e1a00000| PB 0x00000000e1a00000| Untracked 
|  27|0x00000000e1b00000, 0x00000000e1c00000, 0x00000000e1c00000|100%| O|  |TAMS 0x00000000e1b00000| PB 0x00000000e1b00000| Untracked 
|  28|0x00000000e1c00000, 0x00000000e1d00000, 0x00000000e1d00000|100%| O|  |TAMS 0x00000000e1c00000| PB 0x00000000e1c00000| Untracked 
|  29|0x00000000e1d00000, 0x00000000e1e00000, 0x00000000e1e00000|100%| O|  |TAMS 0x00000000e1d00000| PB 0x00000000e1d00000| Untracked 
|  30|0x00000000e1e00000, 0x00000000e1f00000, 0x00000000e1f00000|100%| O|  |TAMS 0x00000000e1e00000| PB 0x00000000e1e00000| Untracked 
|  31|0x00000000e1f00000, 0x00000000e2000000, 0x00000000e2000000|100%| O|  |TAMS 0x00000000e1f00000| PB 0x00000000e1f00000| Untracked 
|  32|0x00000000e2000000, 0x00000000e2100000, 0x00000000e2100000|100%| O|  |TAMS 0x00000000e2000000| PB 0x00000000e2000000| Untracked 
|  33|0x00000000e2100000, 0x00000000e2200000, 0x00000000e2200000|100%|HS|  |TAMS 0x00000000e2100000| PB 0x00000000e2100000| Complete 
|  34|0x00000000e2200000, 0x00000000e2300000, 0x00000000e2300000|100%| O|  |TAMS 0x00000000e2200000| PB 0x00000000e2200000| Untracked 
|  35|0x00000000e2300000, 0x00000000e2300000, 0x00000000e2400000|  0%| F|  |TAMS 0x00000000e2300000| PB 0x00000000e2300000| Untracked 
|  36|0x00000000e2400000, 0x00000000e2500000, 0x00000000e2500000|100%| O|  |TAMS 0x00000000e2400000| PB 0x00000000e2400000| Untracked 
|  37|0x00000000e2500000, 0x00000000e2600000, 0x00000000e2600000|100%| O|  |TAMS 0x00000000e2500000| PB 0x00000000e2500000| Untracked 
|  38|0x00000000e2600000, 0x00000000e2700000, 0x00000000e2700000|100%| O|  |TAMS 0x00000000e2600000| PB 0x00000000e2600000| Untracked 
|  39|0x00000000e2700000, 0x00000000e2800000, 0x00000000e2800000|100%|HS|  |TAMS 0x00000000e2700000| PB 0x00000000e2700000| Complete 
|  40|0x00000000e2800000, 0x00000000e2900000, 0x00000000e2900000|100%|HC|  |TAMS 0x00000000e2800000| PB 0x00000000e2800000| Complete 
|  41|0x00000000e2900000, 0x00000000e2a00000, 0x00000000e2a00000|100%|HC|  |TAMS 0x00000000e2900000| PB 0x00000000e2900000| Complete 
|  42|0x00000000e2a00000, 0x00000000e2b00000, 0x00000000e2b00000|100%|HS|  |TAMS 0x00000000e2a00000| PB 0x00000000e2a00000| Complete 
|  43|0x00000000e2b00000, 0x00000000e2c00000, 0x00000000e2c00000|100%|HC|  |TAMS 0x00000000e2b00000| PB 0x00000000e2b00000| Complete 
|  44|0x00000000e2c00000, 0x00000000e2d00000, 0x00000000e2d00000|100%|HC|  |TAMS 0x00000000e2c00000| PB 0x00000000e2c00000| Complete 
|  45|0x00000000e2d00000, 0x00000000e2e00000, 0x00000000e2e00000|100%|HS|  |TAMS 0x00000000e2d00000| PB 0x00000000e2d00000| Complete 
|  46|0x00000000e2e00000, 0x00000000e2f00000, 0x00000000e2f00000|100%|HC|  |TAMS 0x00000000e2e00000| PB 0x00000000e2e00000| Complete 
|  47|0x00000000e2f00000, 0x00000000e3000000, 0x00000000e3000000|100%|HC|  |TAMS 0x00000000e2f00000| PB 0x00000000e2f00000| Complete 
|  48|0x00000000e3000000, 0x00000000e3100000, 0x00000000e3100000|100%| O|  |TAMS 0x00000000e3000000| PB 0x00000000e3000000| Untracked 
|  49|0x00000000e3100000, 0x00000000e3200000, 0x00000000e3200000|100%| O|  |TAMS 0x00000000e3100000| PB 0x00000000e3100000| Untracked 
|  50|0x00000000e3200000, 0x00000000e3300000, 0x00000000e3300000|100%| O|  |TAMS 0x00000000e3200000| PB 0x00000000e3200000| Untracked 
|  51|0x00000000e3300000, 0x00000000e3400000, 0x00000000e3400000|100%| O|  |TAMS 0x00000000e3300000| PB 0x00000000e3300000| Untracked 
|  52|0x00000000e3400000, 0x00000000e3400000, 0x00000000e3500000|  0%| F|  |TAMS 0x00000000e3400000| PB 0x00000000e3400000| Untracked 
|  53|0x00000000e3500000, 0x00000000e3600000, 0x00000000e3600000|100%| O|  |TAMS 0x00000000e3500000| PB 0x00000000e3500000| Untracked 
|  54|0x00000000e3600000, 0x00000000e3700000, 0x00000000e3700000|100%| O|  |TAMS 0x00000000e3600000| PB 0x00000000e3600000| Untracked 
|  55|0x00000000e3700000, 0x00000000e3800000, 0x00000000e3800000|100%| O|  |TAMS 0x00000000e3700000| PB 0x00000000e3700000| Untracked 
|  56|0x00000000e3800000, 0x00000000e3900000, 0x00000000e3900000|100%| O|  |TAMS 0x00000000e3800000| PB 0x00000000e3800000| Untracked 
|  57|0x00000000e3900000, 0x00000000e3a00000, 0x00000000e3a00000|100%| O|  |TAMS 0x00000000e3900000| PB 0x00000000e3900000| Untracked 
|  58|0x00000000e3a00000, 0x00000000e3b00000, 0x00000000e3b00000|100%| O|  |TAMS 0x00000000e3a00000| PB 0x00000000e3a00000| Untracked 
|  59|0x00000000e3b00000, 0x00000000e3c00000, 0x00000000e3c00000|100%| O|  |TAMS 0x00000000e3b00000| PB 0x00000000e3b00000| Untracked 
|  60|0x00000000e3c00000, 0x00000000e3d00000, 0x00000000e3d00000|100%| O|  |TAMS 0x00000000e3c00000| PB 0x00000000e3c00000| Untracked 
|  61|0x00000000e3d00000, 0x00000000e3e00000, 0x00000000e3e00000|100%| O|  |TAMS 0x00000000e3d00000| PB 0x00000000e3d00000| Untracked 
|  62|0x00000000e3e00000, 0x00000000e3f00000, 0x00000000e3f00000|100%| O|  |TAMS 0x00000000e3e00000| PB 0x00000000e3e00000| Untracked 
|  63|0x00000000e3f00000, 0x00000000e4000000, 0x00000000e4000000|100%| O|  |TAMS 0x00000000e3f00000| PB 0x00000000e3f00000| Untracked 
|  64|0x00000000e4000000, 0x00000000e4100000, 0x00000000e4100000|100%| O|  |TAMS 0x00000000e4000000| PB 0x00000000e4000000| Untracked 
|  65|0x00000000e4100000, 0x00000000e4200000, 0x00000000e4200000|100%| O|  |TAMS 0x00000000e4100000| PB 0x00000000e4100000| Untracked 
|  66|0x00000000e4200000, 0x00000000e4300000, 0x00000000e4300000|100%| O|  |TAMS 0x00000000e4200000| PB 0x00000000e4200000| Untracked 
|  67|0x00000000e4300000, 0x00000000e4400000, 0x00000000e4400000|100%| O|  |TAMS 0x00000000e4300000| PB 0x00000000e4300000| Untracked 
|  68|0x00000000e4400000, 0x00000000e4500000, 0x00000000e4500000|100%|HS|  |TAMS 0x00000000e4400000| PB 0x00000000e4400000| Complete 
|  69|0x00000000e4500000, 0x00000000e4600000, 0x00000000e4600000|100%|HC|  |TAMS 0x00000000e4500000| PB 0x00000000e4500000| Complete 
|  70|0x00000000e4600000, 0x00000000e4700000, 0x00000000e4700000|100%|HC|  |TAMS 0x00000000e4600000| PB 0x00000000e4600000| Complete 
|  71|0x00000000e4700000, 0x00000000e4800000, 0x00000000e4800000|100%|HC|  |TAMS 0x00000000e4700000| PB 0x00000000e4700000| Complete 
|  72|0x00000000e4800000, 0x00000000e4900000, 0x00000000e4900000|100%|HC|  |TAMS 0x00000000e4800000| PB 0x00000000e4800000| Complete 
|  73|0x00000000e4900000, 0x00000000e4a00000, 0x00000000e4a00000|100%|HC|  |TAMS 0x00000000e4900000| PB 0x00000000e4900000| Complete 
|  74|0x00000000e4a00000, 0x00000000e4b00000, 0x00000000e4b00000|100%| O|  |TAMS 0x00000000e4a00000| PB 0x00000000e4a00000| Untracked 
|  75|0x00000000e4b00000, 0x00000000e4b00000, 0x00000000e4c00000|  0%| F|  |TAMS 0x00000000e4b00000| PB 0x00000000e4b00000| Untracked 
|  76|0x00000000e4c00000, 0x00000000e4d00000, 0x00000000e4d00000|100%| O|  |TAMS 0x00000000e4c00000| PB 0x00000000e4c00000| Untracked 
|  77|0x00000000e4d00000, 0x00000000e4e00000, 0x00000000e4e00000|100%| O|  |TAMS 0x00000000e4d00000| PB 0x00000000e4d00000| Untracked 
|  78|0x00000000e4e00000, 0x00000000e4f00000, 0x00000000e4f00000|100%| O|  |TAMS 0x00000000e4e00000| PB 0x00000000e4e00000| Untracked 
|  79|0x00000000e4f00000, 0x00000000e5000000, 0x00000000e5000000|100%| O|  |TAMS 0x00000000e4f00000| PB 0x00000000e4f00000| Untracked 
|  80|0x00000000e5000000, 0x00000000e5100000, 0x00000000e5100000|100%| O|  |TAMS 0x00000000e5000000| PB 0x00000000e5000000| Untracked 
|  81|0x00000000e5100000, 0x00000000e5200000, 0x00000000e5200000|100%| O|  |TAMS 0x00000000e5100000| PB 0x00000000e5100000| Untracked 
|  82|0x00000000e5200000, 0x00000000e5300000, 0x00000000e5300000|100%| O|  |TAMS 0x00000000e5200000| PB 0x00000000e5200000| Untracked 
|  83|0x00000000e5300000, 0x00000000e5400000, 0x00000000e5400000|100%| O|  |TAMS 0x00000000e5300000| PB 0x00000000e5300000| Untracked 
|  84|0x00000000e5400000, 0x00000000e5500000, 0x00000000e5500000|100%| O|  |TAMS 0x00000000e5400000| PB 0x00000000e5400000| Untracked 
|  85|0x00000000e5500000, 0x00000000e5600000, 0x00000000e5600000|100%| O|  |TAMS 0x00000000e5500000| PB 0x00000000e5500000| Untracked 
|  86|0x00000000e5600000, 0x00000000e5600000, 0x00000000e5700000|  0%| F|  |TAMS 0x00000000e5600000| PB 0x00000000e5600000| Untracked 
|  87|0x00000000e5700000, 0x00000000e5700000, 0x00000000e5800000|  0%| F|  |TAMS 0x00000000e5700000| PB 0x00000000e5700000| Untracked 
|  88|0x00000000e5800000, 0x00000000e5800000, 0x00000000e5900000|  0%| F|  |TAMS 0x00000000e5800000| PB 0x00000000e5800000| Untracked 
|  89|0x00000000e5900000, 0x00000000e5900000, 0x00000000e5a00000|  0%| F|  |TAMS 0x00000000e5900000| PB 0x00000000e5900000| Untracked 
|  90|0x00000000e5a00000, 0x00000000e5a00000, 0x00000000e5b00000|  0%| F|  |TAMS 0x00000000e5a00000| PB 0x00000000e5a00000| Untracked 
|  91|0x00000000e5b00000, 0x00000000e5b00000, 0x00000000e5c00000|  0%| F|  |TAMS 0x00000000e5b00000| PB 0x00000000e5b00000| Untracked 
|  92|0x00000000e5c00000, 0x00000000e5c00000, 0x00000000e5d00000|  0%| F|  |TAMS 0x00000000e5c00000| PB 0x00000000e5c00000| Untracked 
|  93|0x00000000e5d00000, 0x00000000e5d00000, 0x00000000e5e00000|  0%| F|  |TAMS 0x00000000e5d00000| PB 0x00000000e5d00000| Untracked 
|  94|0x00000000e5e00000, 0x00000000e5e00000, 0x00000000e5f00000|  0%| F|  |TAMS 0x00000000e5e00000| PB 0x00000000e5e00000| Untracked 
|  95|0x00000000e5f00000, 0x00000000e5f00000, 0x00000000e6000000|  0%| F|  |TAMS 0x00000000e5f00000| PB 0x00000000e5f00000| Untracked 
|  96|0x00000000e6000000, 0x00000000e6000000, 0x00000000e6100000|  0%| F|  |TAMS 0x00000000e6000000| PB 0x00000000e6000000| Untracked 
|  97|0x00000000e6100000, 0x00000000e6100000, 0x00000000e6200000|  0%| F|  |TAMS 0x00000000e6100000| PB 0x00000000e6100000| Untracked 
|  98|0x00000000e6200000, 0x00000000e6200000, 0x00000000e6300000|  0%| F|  |TAMS 0x00000000e6200000| PB 0x00000000e6200000| Untracked 
|  99|0x00000000e6300000, 0x00000000e6300000, 0x00000000e6400000|  0%| F|  |TAMS 0x00000000e6300000| PB 0x00000000e6300000| Untracked 
| 100|0x00000000e6400000, 0x00000000e6400000, 0x00000000e6500000|  0%| F|  |TAMS 0x00000000e6400000| PB 0x00000000e6400000| Untracked 
| 101|0x00000000e6500000, 0x00000000e6500000, 0x00000000e6600000|  0%| F|  |TAMS 0x00000000e6500000| PB 0x00000000e6500000| Untracked 
| 102|0x00000000e6600000, 0x00000000e6600000, 0x00000000e6700000|  0%| F|  |TAMS 0x00000000e6600000| PB 0x00000000e6600000| Untracked 
| 103|0x00000000e6700000, 0x00000000e6700000, 0x00000000e6800000|  0%| F|  |TAMS 0x00000000e6700000| PB 0x00000000e6700000| Untracked 
| 104|0x00000000e6800000, 0x00000000e6800000, 0x00000000e6900000|  0%| F|  |TAMS 0x00000000e6800000| PB 0x00000000e6800000| Untracked 
| 105|0x00000000e6900000, 0x00000000e6a00000, 0x00000000e6a00000|100%| O|  |TAMS 0x00000000e6900000| PB 0x00000000e6900000| Untracked 
| 106|0x00000000e6a00000, 0x00000000e6b00000, 0x00000000e6b00000|100%| O|  |TAMS 0x00000000e6a00000| PB 0x00000000e6a00000| Untracked 
| 107|0x00000000e6b00000, 0x00000000e6c00000, 0x00000000e6c00000|100%| O|  |TAMS 0x00000000e6b00000| PB 0x00000000e6b00000| Untracked 
| 108|0x00000000e6c00000, 0x00000000e6d00000, 0x00000000e6d00000|100%| O|  |TAMS 0x00000000e6c00000| PB 0x00000000e6c00000| Untracked 
| 109|0x00000000e6d00000, 0x00000000e6e00000, 0x00000000e6e00000|100%| O|  |TAMS 0x00000000e6d00000| PB 0x00000000e6d00000| Untracked 
| 110|0x00000000e6e00000, 0x00000000e6f00000, 0x00000000e6f00000|100%| O|  |TAMS 0x00000000e6e00000| PB 0x00000000e6e00000| Untracked 
| 111|0x00000000e6f00000, 0x00000000e7000000, 0x00000000e7000000|100%| O|  |TAMS 0x00000000e6f00000| PB 0x00000000e6f00000| Untracked 
| 112|0x00000000e7000000, 0x00000000e7100000, 0x00000000e7100000|100%| O|  |TAMS 0x00000000e7000000| PB 0x00000000e7000000| Untracked 
| 113|0x00000000e7100000, 0x00000000e71d70d0, 0x00000000e7200000| 84%| S|CS|TAMS 0x00000000e7100000| PB 0x00000000e7100000| Complete 
| 114|0x00000000e7200000, 0x00000000e7300000, 0x00000000e7300000|100%| S|CS|TAMS 0x00000000e7200000| PB 0x00000000e7200000| Complete 
| 115|0x00000000e7300000, 0x00000000e7400000, 0x00000000e7400000|100%| S|CS|TAMS 0x00000000e7300000| PB 0x00000000e7300000| Complete 
| 116|0x00000000e7400000, 0x00000000e7500000, 0x00000000e7500000|100%| S|CS|TAMS 0x00000000e7400000| PB 0x00000000e7400000| Complete 
| 117|0x00000000e7500000, 0x00000000e7600000, 0x00000000e7600000|100%| S|CS|TAMS 0x00000000e7500000| PB 0x00000000e7500000| Complete 
| 118|0x00000000e7600000, 0x00000000e7700000, 0x00000000e7700000|100%| S|CS|TAMS 0x00000000e7600000| PB 0x00000000e7600000| Complete 
| 119|0x00000000e7700000, 0x00000000e7800000, 0x00000000e7800000|100%| S|CS|TAMS 0x00000000e7700000| PB 0x00000000e7700000| Complete 
| 120|0x00000000e7800000, 0x00000000e7900000, 0x00000000e7900000|100%| S|CS|TAMS 0x00000000e7800000| PB 0x00000000e7800000| Complete 
| 121|0x00000000e7900000, 0x00000000e7a00000, 0x00000000e7a00000|100%| S|CS|TAMS 0x00000000e7900000| PB 0x00000000e7900000| Complete 
| 122|0x00000000e7a00000, 0x00000000e7b00000, 0x00000000e7b00000|100%| S|CS|TAMS 0x00000000e7a00000| PB 0x00000000e7a00000| Complete 
| 123|0x00000000e7b00000, 0x00000000e7c00000, 0x00000000e7c00000|100%| S|CS|TAMS 0x00000000e7b00000| PB 0x00000000e7b00000| Complete 
| 124|0x00000000e7c00000, 0x00000000e7d00000, 0x00000000e7d00000|100%| S|CS|TAMS 0x00000000e7c00000| PB 0x00000000e7c00000| Complete 
| 125|0x00000000e7d00000, 0x00000000e7d00000, 0x00000000e7e00000|  0%| F|  |TAMS 0x00000000e7d00000| PB 0x00000000e7d00000| Untracked 
| 126|0x00000000e7e00000, 0x00000000e7e00000, 0x00000000e7f00000|  0%| F|  |TAMS 0x00000000e7e00000| PB 0x00000000e7e00000| Untracked 
| 127|0x00000000e7f00000, 0x00000000e7f00000, 0x00000000e8000000|  0%| F|  |TAMS 0x00000000e7f00000| PB 0x00000000e7f00000| Untracked 
| 128|0x00000000e8000000, 0x00000000e8000000, 0x00000000e8100000|  0%| F|  |TAMS 0x00000000e8000000| PB 0x00000000e8000000| Untracked 
| 129|0x00000000e8100000, 0x00000000e8100000, 0x00000000e8200000|  0%| F|  |TAMS 0x00000000e8100000| PB 0x00000000e8100000| Untracked 
| 130|0x00000000e8200000, 0x00000000e8200000, 0x00000000e8300000|  0%| F|  |TAMS 0x00000000e8200000| PB 0x00000000e8200000| Untracked 
| 131|0x00000000e8300000, 0x00000000e8300000, 0x00000000e8400000|  0%| F|  |TAMS 0x00000000e8300000| PB 0x00000000e8300000| Untracked 
| 132|0x00000000e8400000, 0x00000000e8400000, 0x00000000e8500000|  0%| F|  |TAMS 0x00000000e8400000| PB 0x00000000e8400000| Untracked 
| 133|0x00000000e8500000, 0x00000000e8500000, 0x00000000e8600000|  0%| F|  |TAMS 0x00000000e8500000| PB 0x00000000e8500000| Untracked 
| 134|0x00000000e8600000, 0x00000000e8600000, 0x00000000e8700000|  0%| F|  |TAMS 0x00000000e8600000| PB 0x00000000e8600000| Untracked 
| 135|0x00000000e8700000, 0x00000000e8700000, 0x00000000e8800000|  0%| F|  |TAMS 0x00000000e8700000| PB 0x00000000e8700000| Untracked 
| 136|0x00000000e8800000, 0x00000000e8800000, 0x00000000e8900000|  0%| F|  |TAMS 0x00000000e8800000| PB 0x00000000e8800000| Untracked 
| 137|0x00000000e8900000, 0x00000000e8900000, 0x00000000e8a00000|  0%| F|  |TAMS 0x00000000e8900000| PB 0x00000000e8900000| Untracked 
| 138|0x00000000e8a00000, 0x00000000e8a00000, 0x00000000e8b00000|  0%| F|  |TAMS 0x00000000e8a00000| PB 0x00000000e8a00000| Untracked 
| 139|0x00000000e8b00000, 0x00000000e8b00000, 0x00000000e8c00000|  0%| F|  |TAMS 0x00000000e8b00000| PB 0x00000000e8b00000| Untracked 
| 140|0x00000000e8c00000, 0x00000000e8c00000, 0x00000000e8d00000|  0%| F|  |TAMS 0x00000000e8c00000| PB 0x00000000e8c00000| Untracked 
| 141|0x00000000e8d00000, 0x00000000e8d00000, 0x00000000e8e00000|  0%| F|  |TAMS 0x00000000e8d00000| PB 0x00000000e8d00000| Untracked 
| 142|0x00000000e8e00000, 0x00000000e8e00000, 0x00000000e8f00000|  0%| F|  |TAMS 0x00000000e8e00000| PB 0x00000000e8e00000| Untracked 
| 143|0x00000000e8f00000, 0x00000000e8f00000, 0x00000000e9000000|  0%| F|  |TAMS 0x00000000e8f00000| PB 0x00000000e8f00000| Untracked 
| 144|0x00000000e9000000, 0x00000000e9000000, 0x00000000e9100000|  0%| F|  |TAMS 0x00000000e9000000| PB 0x00000000e9000000| Untracked 
| 145|0x00000000e9100000, 0x00000000e9100000, 0x00000000e9200000|  0%| F|  |TAMS 0x00000000e9100000| PB 0x00000000e9100000| Untracked 
| 146|0x00000000e9200000, 0x00000000e9200000, 0x00000000e9300000|  0%| F|  |TAMS 0x00000000e9200000| PB 0x00000000e9200000| Untracked 
| 147|0x00000000e9300000, 0x00000000e9300000, 0x00000000e9400000|  0%| F|  |TAMS 0x00000000e9300000| PB 0x00000000e9300000| Untracked 
| 148|0x00000000e9400000, 0x00000000e9400000, 0x00000000e9500000|  0%| F|  |TAMS 0x00000000e9400000| PB 0x00000000e9400000| Untracked 
| 149|0x00000000e9500000, 0x00000000e9500000, 0x00000000e9600000|  0%| F|  |TAMS 0x00000000e9500000| PB 0x00000000e9500000| Untracked 
| 150|0x00000000e9600000, 0x00000000e9600000, 0x00000000e9700000|  0%| F|  |TAMS 0x00000000e9600000| PB 0x00000000e9600000| Untracked 
| 151|0x00000000e9700000, 0x00000000e9700000, 0x00000000e9800000|  0%| F|  |TAMS 0x00000000e9700000| PB 0x00000000e9700000| Untracked 
| 152|0x00000000e9800000, 0x00000000e9800000, 0x00000000e9900000|  0%| F|  |TAMS 0x00000000e9800000| PB 0x00000000e9800000| Untracked 
| 153|0x00000000e9900000, 0x00000000e9900000, 0x00000000e9a00000|  0%| F|  |TAMS 0x00000000e9900000| PB 0x00000000e9900000| Untracked 
| 154|0x00000000e9a00000, 0x00000000e9a00000, 0x00000000e9b00000|  0%| F|  |TAMS 0x00000000e9a00000| PB 0x00000000e9a00000| Untracked 
| 155|0x00000000e9b00000, 0x00000000e9b00000, 0x00000000e9c00000|  0%| F|  |TAMS 0x00000000e9b00000| PB 0x00000000e9b00000| Untracked 
| 156|0x00000000e9c00000, 0x00000000e9c00000, 0x00000000e9d00000|  0%| F|  |TAMS 0x00000000e9c00000| PB 0x00000000e9c00000| Untracked 
| 157|0x00000000e9d00000, 0x00000000e9d00000, 0x00000000e9e00000|  0%| F|  |TAMS 0x00000000e9d00000| PB 0x00000000e9d00000| Untracked 
| 158|0x00000000e9e00000, 0x00000000e9e00000, 0x00000000e9f00000|  0%| F|  |TAMS 0x00000000e9e00000| PB 0x00000000e9e00000| Untracked 
| 159|0x00000000e9f00000, 0x00000000e9f00000, 0x00000000ea000000|  0%| F|  |TAMS 0x00000000e9f00000| PB 0x00000000e9f00000| Untracked 
| 160|0x00000000ea000000, 0x00000000ea000000, 0x00000000ea100000|  0%| F|  |TAMS 0x00000000ea000000| PB 0x00000000ea000000| Untracked 
| 161|0x00000000ea100000, 0x00000000ea100000, 0x00000000ea200000|  0%| F|  |TAMS 0x00000000ea100000| PB 0x00000000ea100000| Untracked 
| 162|0x00000000ea200000, 0x00000000ea200000, 0x00000000ea300000|  0%| F|  |TAMS 0x00000000ea200000| PB 0x00000000ea200000| Untracked 
| 163|0x00000000ea300000, 0x00000000ea300000, 0x00000000ea400000|  0%| F|  |TAMS 0x00000000ea300000| PB 0x00000000ea300000| Untracked 
| 164|0x00000000ea400000, 0x00000000ea400000, 0x00000000ea500000|  0%| F|  |TAMS 0x00000000ea400000| PB 0x00000000ea400000| Untracked 
| 165|0x00000000ea500000, 0x00000000ea500000, 0x00000000ea600000|  0%| F|  |TAMS 0x00000000ea500000| PB 0x00000000ea500000| Untracked 
| 166|0x00000000ea600000, 0x00000000ea600000, 0x00000000ea700000|  0%| F|  |TAMS 0x00000000ea600000| PB 0x00000000ea600000| Untracked 
| 167|0x00000000ea700000, 0x00000000ea700000, 0x00000000ea800000|  0%| F|  |TAMS 0x00000000ea700000| PB 0x00000000ea700000| Untracked 
| 168|0x00000000ea800000, 0x00000000ea800000, 0x00000000ea900000|  0%| F|  |TAMS 0x00000000ea800000| PB 0x00000000ea800000| Untracked 
| 169|0x00000000ea900000, 0x00000000ea900000, 0x00000000eaa00000|  0%| F|  |TAMS 0x00000000ea900000| PB 0x00000000ea900000| Untracked 
| 170|0x00000000eaa00000, 0x00000000eaa00000, 0x00000000eab00000|  0%| F|  |TAMS 0x00000000eaa00000| PB 0x00000000eaa00000| Untracked 
| 171|0x00000000eab00000, 0x00000000eab00000, 0x00000000eac00000|  0%| F|  |TAMS 0x00000000eab00000| PB 0x00000000eab00000| Untracked 
| 172|0x00000000eac00000, 0x00000000eac00000, 0x00000000ead00000|  0%| F|  |TAMS 0x00000000eac00000| PB 0x00000000eac00000| Untracked 
| 173|0x00000000ead00000, 0x00000000ead00000, 0x00000000eae00000|  0%| F|  |TAMS 0x00000000ead00000| PB 0x00000000ead00000| Untracked 
| 174|0x00000000eae00000, 0x00000000eae00000, 0x00000000eaf00000|  0%| F|  |TAMS 0x00000000eae00000| PB 0x00000000eae00000| Untracked 
| 175|0x00000000eaf00000, 0x00000000eafa7d68, 0x00000000eb000000| 65%| E|  |TAMS 0x00000000eaf00000| PB 0x00000000eaf00000| Complete 
| 176|0x00000000eb000000, 0x00000000eb100000, 0x00000000eb100000|100%| E|CS|TAMS 0x00000000eb000000| PB 0x00000000eb000000| Complete 
| 177|0x00000000eb100000, 0x00000000eb200000, 0x00000000eb200000|100%| E|CS|TAMS 0x00000000eb100000| PB 0x00000000eb100000| Complete 
| 178|0x00000000eb200000, 0x00000000eb300000, 0x00000000eb300000|100%| E|CS|TAMS 0x00000000eb200000| PB 0x00000000eb200000| Complete 
| 179|0x00000000eb300000, 0x00000000eb400000, 0x00000000eb400000|100%| E|CS|TAMS 0x00000000eb300000| PB 0x00000000eb300000| Complete 
| 180|0x00000000eb400000, 0x00000000eb500000, 0x00000000eb500000|100%| E|CS|TAMS 0x00000000eb400000| PB 0x00000000eb400000| Complete 
| 181|0x00000000eb500000, 0x00000000eb600000, 0x00000000eb600000|100%| E|CS|TAMS 0x00000000eb500000| PB 0x00000000eb500000| Complete 
| 182|0x00000000eb600000, 0x00000000eb700000, 0x00000000eb700000|100%| E|CS|TAMS 0x00000000eb600000| PB 0x00000000eb600000| Complete 
| 183|0x00000000eb700000, 0x00000000eb800000, 0x00000000eb800000|100%| E|CS|TAMS 0x00000000eb700000| PB 0x00000000eb700000| Complete 
| 184|0x00000000eb800000, 0x00000000eb900000, 0x00000000eb900000|100%| E|CS|TAMS 0x00000000eb800000| PB 0x00000000eb800000| Complete 
| 185|0x00000000eb900000, 0x00000000eba00000, 0x00000000eba00000|100%| E|CS|TAMS 0x00000000eb900000| PB 0x00000000eb900000| Complete 
| 186|0x00000000eba00000, 0x00000000ebb00000, 0x00000000ebb00000|100%| E|CS|TAMS 0x00000000eba00000| PB 0x00000000eba00000| Complete 
| 187|0x00000000ebb00000, 0x00000000ebc00000, 0x00000000ebc00000|100%| E|CS|TAMS 0x00000000ebb00000| PB 0x00000000ebb00000| Complete 
| 188|0x00000000ebc00000, 0x00000000ebd00000, 0x00000000ebd00000|100%| E|CS|TAMS 0x00000000ebc00000| PB 0x00000000ebc00000| Complete 
| 189|0x00000000ebd00000, 0x00000000ebe00000, 0x00000000ebe00000|100%| E|CS|TAMS 0x00000000ebd00000| PB 0x00000000ebd00000| Complete 
| 190|0x00000000ebe00000, 0x00000000ebf00000, 0x00000000ebf00000|100%| E|CS|TAMS 0x00000000ebe00000| PB 0x00000000ebe00000| Complete 
| 191|0x00000000ebf00000, 0x00000000ec000000, 0x00000000ec000000|100%| E|CS|TAMS 0x00000000ebf00000| PB 0x00000000ebf00000| Complete 
| 192|0x00000000ec000000, 0x00000000ec100000, 0x00000000ec100000|100%| E|CS|TAMS 0x00000000ec000000| PB 0x00000000ec000000| Complete 
| 193|0x00000000ec100000, 0x00000000ec200000, 0x00000000ec200000|100%| E|CS|TAMS 0x00000000ec100000| PB 0x00000000ec100000| Complete 
| 194|0x00000000ec200000, 0x00000000ec300000, 0x00000000ec300000|100%| E|CS|TAMS 0x00000000ec200000| PB 0x00000000ec200000| Complete 
| 195|0x00000000ec300000, 0x00000000ec400000, 0x00000000ec400000|100%| E|CS|TAMS 0x00000000ec300000| PB 0x00000000ec300000| Complete 
| 196|0x00000000ec400000, 0x00000000ec500000, 0x00000000ec500000|100%| E|CS|TAMS 0x00000000ec400000| PB 0x00000000ec400000| Complete 
| 197|0x00000000ec500000, 0x00000000ec600000, 0x00000000ec600000|100%| E|CS|TAMS 0x00000000ec500000| PB 0x00000000ec500000| Complete 
| 198|0x00000000ec600000, 0x00000000ec700000, 0x00000000ec700000|100%| E|CS|TAMS 0x00000000ec600000| PB 0x00000000ec600000| Complete 
| 199|0x00000000ec700000, 0x00000000ec800000, 0x00000000ec800000|100%| E|CS|TAMS 0x00000000ec700000| PB 0x00000000ec700000| Complete 
| 200|0x00000000ec800000, 0x00000000ec900000, 0x00000000ec900000|100%| E|CS|TAMS 0x00000000ec800000| PB 0x00000000ec800000| Complete 
| 201|0x00000000ec900000, 0x00000000eca00000, 0x00000000eca00000|100%| E|CS|TAMS 0x00000000ec900000| PB 0x00000000ec900000| Complete 
| 202|0x00000000eca00000, 0x00000000ecb00000, 0x00000000ecb00000|100%| E|CS|TAMS 0x00000000eca00000| PB 0x00000000eca00000| Complete 
| 203|0x00000000ecb00000, 0x00000000ecc00000, 0x00000000ecc00000|100%| E|CS|TAMS 0x00000000ecb00000| PB 0x00000000ecb00000| Complete 
| 204|0x00000000ecc00000, 0x00000000ecd00000, 0x00000000ecd00000|100%| E|CS|TAMS 0x00000000ecc00000| PB 0x00000000ecc00000| Complete 
| 205|0x00000000ecd00000, 0x00000000ece00000, 0x00000000ece00000|100%| E|CS|TAMS 0x00000000ecd00000| PB 0x00000000ecd00000| Complete 
| 206|0x00000000ece00000, 0x00000000ecf00000, 0x00000000ecf00000|100%| E|CS|TAMS 0x00000000ece00000| PB 0x00000000ece00000| Complete 
| 207|0x00000000ecf00000, 0x00000000ed000000, 0x00000000ed000000|100%| E|CS|TAMS 0x00000000ecf00000| PB 0x00000000ecf00000| Complete 
| 208|0x00000000ed000000, 0x00000000ed100000, 0x00000000ed100000|100%| E|CS|TAMS 0x00000000ed000000| PB 0x00000000ed000000| Complete 
| 209|0x00000000ed100000, 0x00000000ed200000, 0x00000000ed200000|100%| E|CS|TAMS 0x00000000ed100000| PB 0x00000000ed100000| Complete 
| 210|0x00000000ed200000, 0x00000000ed300000, 0x00000000ed300000|100%| E|CS|TAMS 0x00000000ed200000| PB 0x00000000ed200000| Complete 
| 211|0x00000000ed300000, 0x00000000ed400000, 0x00000000ed400000|100%| E|CS|TAMS 0x00000000ed300000| PB 0x00000000ed300000| Complete 
| 212|0x00000000ed400000, 0x00000000ed500000, 0x00000000ed500000|100%| E|CS|TAMS 0x00000000ed400000| PB 0x00000000ed400000| Complete 
| 213|0x00000000ed500000, 0x00000000ed600000, 0x00000000ed600000|100%| E|CS|TAMS 0x00000000ed500000| PB 0x00000000ed500000| Complete 
| 214|0x00000000ed600000, 0x00000000ed700000, 0x00000000ed700000|100%| E|CS|TAMS 0x00000000ed600000| PB 0x00000000ed600000| Complete 
| 215|0x00000000ed700000, 0x00000000ed800000, 0x00000000ed800000|100%| E|CS|TAMS 0x00000000ed700000| PB 0x00000000ed700000| Complete 
| 216|0x00000000ed800000, 0x00000000ed900000, 0x00000000ed900000|100%| E|CS|TAMS 0x00000000ed800000| PB 0x00000000ed800000| Complete 
| 217|0x00000000ed900000, 0x00000000eda00000, 0x00000000eda00000|100%| E|CS|TAMS 0x00000000ed900000| PB 0x00000000ed900000| Complete 
| 218|0x00000000eda00000, 0x00000000edb00000, 0x00000000edb00000|100%| E|CS|TAMS 0x00000000eda00000| PB 0x00000000eda00000| Complete 
| 219|0x00000000edb00000, 0x00000000edc00000, 0x00000000edc00000|100%| E|CS|TAMS 0x00000000edb00000| PB 0x00000000edb00000| Complete 
| 220|0x00000000edc00000, 0x00000000edd00000, 0x00000000edd00000|100%| E|CS|TAMS 0x00000000edc00000| PB 0x00000000edc00000| Complete 
| 221|0x00000000edd00000, 0x00000000ede00000, 0x00000000ede00000|100%| E|CS|TAMS 0x00000000edd00000| PB 0x00000000edd00000| Complete 
| 222|0x00000000ede00000, 0x00000000edf00000, 0x00000000edf00000|100%| E|CS|TAMS 0x00000000ede00000| PB 0x00000000ede00000| Complete 
| 223|0x00000000edf00000, 0x00000000ee000000, 0x00000000ee000000|100%| E|CS|TAMS 0x00000000edf00000| PB 0x00000000edf00000| Complete 
| 224|0x00000000ee000000, 0x00000000ee100000, 0x00000000ee100000|100%| E|CS|TAMS 0x00000000ee000000| PB 0x00000000ee000000| Complete 
| 225|0x00000000ee100000, 0x00000000ee200000, 0x00000000ee200000|100%| E|CS|TAMS 0x00000000ee100000| PB 0x00000000ee100000| Complete 
| 226|0x00000000ee200000, 0x00000000ee300000, 0x00000000ee300000|100%| E|CS|TAMS 0x00000000ee200000| PB 0x00000000ee200000| Complete 
| 227|0x00000000ee300000, 0x00000000ee400000, 0x00000000ee400000|100%| E|CS|TAMS 0x00000000ee300000| PB 0x00000000ee300000| Complete 
| 228|0x00000000ee400000, 0x00000000ee500000, 0x00000000ee500000|100%| E|CS|TAMS 0x00000000ee400000| PB 0x00000000ee400000| Complete 
| 229|0x00000000ee500000, 0x00000000ee600000, 0x00000000ee600000|100%| E|CS|TAMS 0x00000000ee500000| PB 0x00000000ee500000| Complete 
| 230|0x00000000ee600000, 0x00000000ee700000, 0x00000000ee700000|100%| E|CS|TAMS 0x00000000ee600000| PB 0x00000000ee600000| Complete 
| 231|0x00000000ee700000, 0x00000000ee800000, 0x00000000ee800000|100%| E|CS|TAMS 0x00000000ee700000| PB 0x00000000ee700000| Complete 
| 232|0x00000000ee800000, 0x00000000ee900000, 0x00000000ee900000|100%| E|CS|TAMS 0x00000000ee800000| PB 0x00000000ee800000| Complete 
| 233|0x00000000ee900000, 0x00000000eea00000, 0x00000000eea00000|100%| E|CS|TAMS 0x00000000ee900000| PB 0x00000000ee900000| Complete 
| 234|0x00000000eea00000, 0x00000000eeb00000, 0x00000000eeb00000|100%| E|CS|TAMS 0x00000000eea00000| PB 0x00000000eea00000| Complete 
| 235|0x00000000eeb00000, 0x00000000eec00000, 0x00000000eec00000|100%| E|CS|TAMS 0x00000000eeb00000| PB 0x00000000eeb00000| Complete 
| 236|0x00000000eec00000, 0x00000000eed00000, 0x00000000eed00000|100%| E|CS|TAMS 0x00000000eec00000| PB 0x00000000eec00000| Complete 
| 237|0x00000000eed00000, 0x00000000eee00000, 0x00000000eee00000|100%| E|CS|TAMS 0x00000000eed00000| PB 0x00000000eed00000| Complete 
| 238|0x00000000eee00000, 0x00000000eef00000, 0x00000000eef00000|100%| E|CS|TAMS 0x00000000eee00000| PB 0x00000000eee00000| Complete 
| 239|0x00000000eef00000, 0x00000000ef000000, 0x00000000ef000000|100%| E|CS|TAMS 0x00000000eef00000| PB 0x00000000eef00000| Complete 
| 240|0x00000000ef000000, 0x00000000ef100000, 0x00000000ef100000|100%| E|CS|TAMS 0x00000000ef000000| PB 0x00000000ef000000| Complete 
| 241|0x00000000ef100000, 0x00000000ef200000, 0x00000000ef200000|100%| E|CS|TAMS 0x00000000ef100000| PB 0x00000000ef100000| Complete 
| 242|0x00000000ef200000, 0x00000000ef300000, 0x00000000ef300000|100%| E|CS|TAMS 0x00000000ef200000| PB 0x00000000ef200000| Complete 
| 243|0x00000000ef300000, 0x00000000ef400000, 0x00000000ef400000|100%| E|CS|TAMS 0x00000000ef300000| PB 0x00000000ef300000| Complete 
| 244|0x00000000ef400000, 0x00000000ef500000, 0x00000000ef500000|100%| E|CS|TAMS 0x00000000ef400000| PB 0x00000000ef400000| Complete 
| 245|0x00000000ef500000, 0x00000000ef600000, 0x00000000ef600000|100%| E|CS|TAMS 0x00000000ef500000| PB 0x00000000ef500000| Complete 
| 246|0x00000000ef600000, 0x00000000ef700000, 0x00000000ef700000|100%| E|CS|TAMS 0x00000000ef600000| PB 0x00000000ef600000| Complete 
| 247|0x00000000ef700000, 0x00000000ef800000, 0x00000000ef800000|100%| E|CS|TAMS 0x00000000ef700000| PB 0x00000000ef700000| Complete 
| 248|0x00000000ef800000, 0x00000000ef900000, 0x00000000ef900000|100%| E|CS|TAMS 0x00000000ef800000| PB 0x00000000ef800000| Complete 
| 249|0x00000000ef900000, 0x00000000efa00000, 0x00000000efa00000|100%| E|CS|TAMS 0x00000000ef900000| PB 0x00000000ef900000| Complete 
| 250|0x00000000efa00000, 0x00000000efb00000, 0x00000000efb00000|100%| E|CS|TAMS 0x00000000efa00000| PB 0x00000000efa00000| Complete 
| 251|0x00000000efb00000, 0x00000000efc00000, 0x00000000efc00000|100%| E|CS|TAMS 0x00000000efb00000| PB 0x00000000efb00000| Complete 
| 252|0x00000000efc00000, 0x00000000efd00000, 0x00000000efd00000|100%| E|CS|TAMS 0x00000000efc00000| PB 0x00000000efc00000| Complete 
| 253|0x00000000efd00000, 0x00000000efe00000, 0x00000000efe00000|100%| E|CS|TAMS 0x00000000efd00000| PB 0x00000000efd00000| Complete 
| 254|0x00000000efe00000, 0x00000000eff00000, 0x00000000eff00000|100%| E|CS|TAMS 0x00000000efe00000| PB 0x00000000efe00000| Complete 
| 255|0x00000000eff00000, 0x00000000f0000000, 0x00000000f0000000|100%| E|CS|TAMS 0x00000000eff00000| PB 0x00000000eff00000| Complete 
| 510|0x00000000ffe00000, 0x00000000ffe31800, 0x00000000fff00000| 19%| O|  |TAMS 0x00000000ffe00000| PB 0x00000000ffe00000| Untracked 
| 511|0x00000000fff00000, 0x0000000100000000, 0x0000000100000000|100%| O|  |TAMS 0x00000000fff00000| PB 0x00000000fff00000| Untracked 

Card table byte_map: [0x0000027aff3c0000,0x0000027aff4c0000] _byte_map_base: 0x0000027afecc0000

Marking Bits: (CMBitMap*) 0x0000027af4a392d0
 Bits: [0x0000027aff4c0000, 0x0000027affcc0000)

Polling page: 0x0000027af46f0000

Metaspace:

Usage:
  Non-class:     81.25 MB used.
      Class:     13.08 MB used.
       Both:     94.33 MB used.

Virtual space:
  Non-class space:      128.00 MB reserved,      82.44 MB ( 64%) committed,  2 nodes.
      Class space:      320.00 MB reserved,      14.25 MB (  4%) committed,  1 nodes.
             Both:      448.00 MB reserved,      96.69 MB ( 22%) committed. 

Chunk freelists:
   Non-Class:  12.70 MB
       Class:  1.73 MB
        Both:  14.44 MB

MaxMetaspaceSize: 384.00 MB
CompressedClassSpaceSize: 320.00 MB
Initial GC threshold: 21.00 MB
Current GC threshold: 101.56 MB
CDS: on
 - commit_granule_bytes: 65536.
 - commit_granule_words: 8192.
 - virtual_space_node_default_size: 8388608.
 - enlarge_chunks_in_place: 1.
 - use_allocation_guard: 0.


Internal statistics:

num_allocs_failed_limit: 21.
num_arena_births: 4294.
num_arena_deaths: 0.
num_vsnodes_births: 3.
num_vsnodes_deaths: 0.
num_space_committed: 1545.
num_space_uncommitted: 0.
num_chunks_returned_to_freelist: 21.
num_chunks_taken_from_freelist: 8540.
num_chunk_merges: 18.
num_chunk_splits: 5875.
num_chunks_enlarged: 3861.
num_inconsistent_stats: 0.

CodeHeap 'non-profiled nmethods': size=120000Kb used=4625Kb max_used=4625Kb free=115374Kb
 bounds [0x0000027a87ad0000, 0x0000027a87f60000, 0x0000027a8f000000]
CodeHeap 'profiled nmethods': size=120000Kb used=16642Kb max_used=16642Kb free=103358Kb
 bounds [0x0000027a80000000, 0x0000027a81050000, 0x0000027a87530000]
CodeHeap 'non-nmethods': size=5760Kb used=2887Kb max_used=2944Kb free=2872Kb
 bounds [0x0000027a87530000, 0x0000027a87820000, 0x0000027a87ad0000]
 total_blobs=8852 nmethods=7870 adapters=885
 compilation: enabled
              stopped_count=0, restarted_count=0
 full_count=0

Compilation events (20 events):
Event: 12.925 Thread 0x0000027a91aa0080 nmethod 8568 0x0000027a87f53010 code [0x0000027a87f531a0, 0x0000027a87f53268]
Event: 12.938 Thread 0x0000027a91aa0080 8569       3       org.jetbrains.kotlin.com.intellij.psi.impl.source.tree.TreeElement::getTreeNext (5 bytes)
Event: 12.938 Thread 0x0000027a91aa0080 nmethod 8569 0x0000027a81033290 code [0x0000027a81033420, 0x0000027a81033548]
Event: 12.945 Thread 0x0000027a91aa0080 8570       3       org.jetbrains.kotlin.config.LanguageVersionSettingsImpl::getFeatureSupport (89 bytes)
Event: 12.947 Thread 0x0000027a91aa0080 nmethod 8570 0x0000027a81033610 code [0x0000027a81033940, 0x0000027a81034958]
Event: 12.953 Thread 0x0000027a91aa0080 8571       3       org.jetbrains.kotlin.load.java.structure.impl.classFiles.BinaryJavaClass::getTypeParameters (18 bytes)
Event: 12.954 Thread 0x0000027a91aa0080 nmethod 8571 0x0000027a81034f10 code [0x0000027a810351c0, 0x0000027a81035bd0]
Event: 12.954 Thread 0x0000027a91aa0080 8572       3       org.jetbrains.kotlin.serialization.deserialization.DeserializationComponents::deserializeClass (19 bytes)
Event: 12.955 Thread 0x0000027a91aa0080 nmethod 8572 0x0000027a81035f90 code [0x0000027a810361c0, 0x0000027a81036868]
Event: 12.955 Thread 0x0000027a91aa0080 8576       3       kotlin.collections.MapsKt__MapsKt::emptyMap (13 bytes)
Event: 12.955 Thread 0x0000027a91aa0080 nmethod 8576 0x0000027a81036b10 code [0x0000027a81036cc0, 0x0000027a81036e20]
Event: 12.955 Thread 0x0000027a91aa0080 8575       3       org.jetbrains.kotlin.load.java.structure.impl.source.JavaElementSourceFactory$Companion::getInstance (24 bytes)
Event: 12.955 Thread 0x0000027a91aa0080 nmethod 8575 0x0000027a81036f10 code [0x0000027a81037180, 0x0000027a81037ac8]
Event: 12.955 Thread 0x0000027a91aa0080 8573   !   3       org.jetbrains.kotlin.com.intellij.util.io.FileAccessorCache$Handle::release (48 bytes)
Event: 12.956 Thread 0x0000027a91aa0080 nmethod 8573 0x0000027a81037e10 code [0x0000027a81037fe0, 0x0000027a81038378]
Event: 12.956 Thread 0x0000027a91aa0080 8574       3       java.util.concurrent.atomic.AtomicInteger::decrementAndGet (14 bytes)
Event: 12.956 Thread 0x0000027a91aa0080 nmethod 8574 0x0000027a81038590 code [0x0000027a81038720, 0x0000027a81038840]
Event: 12.956 Thread 0x0000027a91aa0080 8577       3       org.jetbrains.kotlin.load.java.structure.impl.source.JavaFixedElementSourceFactory::createPsiSource (18 bytes)
Event: 12.956 Thread 0x0000027a91aa0080 nmethod 8577 0x0000027a81038910 code [0x0000027a81038bc0, 0x0000027a810397d8]
Event: 12.957 Thread 0x0000027a91aa0080 8578       3       org.jetbrains.kotlin.load.java.structure.impl.source.JavaElementPsiSourceWithFixedPsi::<init> (16 bytes)

GC Heap History (20 events):
Event: 1.331 GC heap before
{Heap before GC invocations=1 (full 0):
 garbage-first heap   total 262144K, used 39760K [0x00000000e0000000, 0x0000000100000000)
  region size 1024K, 32 young (32768K), 3 survivors (3072K)
 Metaspace       used 4125K, committed 4352K, reserved 393216K
  class space    used 503K, committed 640K, reserved 327680K
}
Event: 1.334 GC heap after
{Heap after GC invocations=2 (full 0):
 garbage-first heap   total 262144K, used 11803K [0x00000000e0000000, 0x0000000100000000)
  region size 1024K, 1 young (1024K), 1 survivors (1024K)
 Metaspace       used 4125K, committed 4352K, reserved 393216K
  class space    used 503K, committed 640K, reserved 327680K
}
Event: 3.488 GC heap before
{Heap before GC invocations=2 (full 0):
 garbage-first heap   total 262144K, used 116251K [0x00000000e0000000, 0x0000000100000000)
  region size 1024K, 103 young (105472K), 1 survivors (1024K)
 Metaspace       used 20867K, committed 21504K, reserved 393216K
  class space    used 3002K, committed 3328K, reserved 327680K
}
Event: 3.498 GC heap after
{Heap after GC invocations=3 (full 0):
 garbage-first heap   total 262144K, used 23873K [0x00000000e0000000, 0x0000000100000000)
  region size 1024K, 13 young (13312K), 13 survivors (13312K)
 Metaspace       used 20867K, committed 21504K, reserved 393216K
  class space    used 3002K, committed 3328K, reserved 327680K
}
Event: 5.146 GC heap before
{Heap before GC invocations=4 (full 0):
 garbage-first heap   total 262144K, used 135489K [0x00000000e0000000, 0x0000000100000000)
  region size 1024K, 113 young (115712K), 13 survivors (13312K)
 Metaspace       used 34806K, committed 36096K, reserved 393216K
  class space    used 5106K, committed 5760K, reserved 327680K
}
Event: 5.158 GC heap after
{Heap after GC invocations=5 (full 0):
 garbage-first heap   total 262144K, used 45209K [0x00000000e0000000, 0x0000000100000000)
  region size 1024K, 11 young (11264K), 11 survivors (11264K)
 Metaspace       used 34806K, committed 36096K, reserved 393216K
  class space    used 5106K, committed 5760K, reserved 327680K
}
Event: 5.207 GC heap before
{Heap before GC invocations=5 (full 0):
 garbage-first heap   total 262144K, used 47257K [0x00000000e0000000, 0x0000000100000000)
  region size 1024K, 14 young (14336K), 11 survivors (11264K)
 Metaspace       used 35190K, committed 36416K, reserved 393216K
  class space    used 5148K, committed 5760K, reserved 327680K
}
Event: 5.212 GC heap after
{Heap after GC invocations=6 (full 0):
 garbage-first heap   total 262144K, used 45527K [0x00000000e0000000, 0x0000000100000000)
  region size 1024K, 11 young (11264K), 11 survivors (11264K)
 Metaspace       used 35190K, committed 36416K, reserved 393216K
  class space    used 5148K, committed 5760K, reserved 327680K
}
Event: 5.241 GC heap before
{Heap before GC invocations=6 (full 0):
 garbage-first heap   total 262144K, used 46551K [0x00000000e0000000, 0x0000000100000000)
  region size 1024K, 13 young (13312K), 11 survivors (11264K)
 Metaspace       used 35453K, committed 36736K, reserved 393216K
  class space    used 5185K, committed 5824K, reserved 327680K
}
Event: 5.246 GC heap after
{Heap after GC invocations=7 (full 0):
 garbage-first heap   total 262144K, used 45538K [0x00000000e0000000, 0x0000000100000000)
  region size 1024K, 11 young (11264K), 11 survivors (11264K)
 Metaspace       used 35453K, committed 36736K, reserved 393216K
  class space    used 5185K, committed 5824K, reserved 327680K
}
Event: 7.072 GC heap before
{Heap before GC invocations=8 (full 0):
 garbage-first heap   total 262144K, used 206306K [0x00000000e0000000, 0x0000000100000000)
  region size 1024K, 153 young (156672K), 11 survivors (11264K)
 Metaspace       used 48114K, committed 49792K, reserved 393216K
  class space    used 6846K, committed 7680K, reserved 327680K
}
Event: 7.086 GC heap after
{Heap after GC invocations=9 (full 0):
 garbage-first heap   total 262144K, used 68056K [0x00000000e0000000, 0x0000000100000000)
  region size 1024K, 20 young (20480K), 20 survivors (20480K)
 Metaspace       used 48114K, committed 49792K, reserved 393216K
  class space    used 6846K, committed 7680K, reserved 327680K
}
Event: 8.316 GC heap before
{Heap before GC invocations=9 (full 0):
 garbage-first heap   total 262144K, used 157144K [0x00000000e0000000, 0x0000000100000000)
  region size 1024K, 108 young (110592K), 20 survivors (20480K)
 Metaspace       used 59772K, committed 61696K, reserved 393216K
  class space    used 9098K, committed 10048K, reserved 327680K
}
Event: 8.329 GC heap after
{Heap after GC invocations=10 (full 0):
 garbage-first heap   total 262144K, used 73724K [0x00000000e0000000, 0x0000000100000000)
  region size 1024K, 5 young (5120K), 5 survivors (5120K)
 Metaspace       used 59772K, committed 61696K, reserved 393216K
  class space    used 9098K, committed 10048K, reserved 327680K
}
Event: 8.354 GC heap before
{Heap before GC invocations=10 (full 0):
 garbage-first heap   total 262144K, used 75772K [0x00000000e0000000, 0x0000000100000000)
  region size 1024K, 8 young (8192K), 5 survivors (5120K)
 Metaspace       used 60073K, committed 62016K, reserved 393216K
  class space    used 9143K, committed 10112K, reserved 327680K
}
Event: 8.358 GC heap after
{Heap after GC invocations=11 (full 0):
 garbage-first heap   total 262144K, used 72946K [0x00000000e0000000, 0x0000000100000000)
  region size 1024K, 5 young (5120K), 5 survivors (5120K)
 Metaspace       used 60073K, committed 62016K, reserved 393216K
  class space    used 9143K, committed 10112K, reserved 327680K
}
Event: 10.078 GC heap before
{Heap before GC invocations=12 (full 0):
 garbage-first heap   total 262144K, used 228594K [0x00000000e0000000, 0x0000000100000000)
  region size 1024K, 151 young (154624K), 5 survivors (5120K)
 Metaspace       used 76365K, committed 78400K, reserved 458752K
  class space    used 11103K, committed 12096K, reserved 327680K
}
Event: 10.090 GC heap after
{Heap after GC invocations=13 (full 0):
 garbage-first heap   total 262144K, used 88294K [0x00000000e0000000, 0x0000000100000000)
  region size 1024K, 19 young (19456K), 19 survivors (19456K)
 Metaspace       used 76365K, committed 78400K, reserved 458752K
  class space    used 11103K, committed 12096K, reserved 327680K
}
Event: 11.798 GC heap before
{Heap before GC invocations=13 (full 0):
 garbage-first heap   total 262144K, used 230630K [0x00000000e0000000, 0x0000000100000000)
  region size 1024K, 150 young (153600K), 19 survivors (19456K)
 Metaspace       used 91559K, committed 93952K, reserved 458752K
  class space    used 12840K, committed 14016K, reserved 327680K
}
Event: 11.815 GC heap after
{Heap after GC invocations=14 (full 0):
 garbage-first heap   total 264192K, used 106530K [0x00000000e0000000, 0x0000000100000000)
  region size 1024K, 12 young (12288K), 12 survivors (12288K)
 Metaspace       used 91559K, committed 93952K, reserved 458752K
  class space    used 12840K, committed 14016K, reserved 327680K
}

Dll operation events (15 events):
Event: 0.008 Loaded shared library C:\Users\User\.jdks\openjdk-21.0.1\bin\java.dll
Event: 0.045 Loaded shared library C:\Users\User\.jdks\openjdk-21.0.1\bin\jsvml.dll
Event: 0.105 Loaded shared library C:\Users\User\.jdks\openjdk-21.0.1\bin\zip.dll
Event: 0.109 Loaded shared library C:\Users\User\.jdks\openjdk-21.0.1\bin\instrument.dll
Event: 0.114 Loaded shared library C:\Users\User\.jdks\openjdk-21.0.1\bin\net.dll
Event: 0.116 Loaded shared library C:\Users\User\.jdks\openjdk-21.0.1\bin\nio.dll
Event: 0.121 Loaded shared library C:\Users\User\.jdks\openjdk-21.0.1\bin\zip.dll
Event: 0.427 Loaded shared library C:\Users\User\.jdks\openjdk-21.0.1\bin\jimage.dll
Event: 0.501 Loaded shared library C:\Users\User\.jdks\openjdk-21.0.1\bin\verify.dll
Event: 0.686 Loaded shared library C:\Users\User\.gradle\native\c067742578af261105cb4f569cf0c3c89f3d7b1fecec35dd04571415982c5e48\windows-amd64\native-platform.dll
Event: 0.692 Loaded shared library C:\Users\User\.gradle\native\38dada09dfb8b06ba9b0570ebf7e218e3eb74d4ef43ca46872605cf95ebc2f47\windows-amd64\native-platform-file-events.dll
Event: 1.676 Loaded shared library C:\Users\User\.jdks\openjdk-21.0.1\bin\management.dll
Event: 1.679 Loaded shared library C:\Users\User\.jdks\openjdk-21.0.1\bin\management_ext.dll
Event: 1.867 Loaded shared library C:\Users\User\.jdks\openjdk-21.0.1\bin\extnet.dll
Event: 1.998 Loaded shared library C:\Users\User\.jdks\openjdk-21.0.1\bin\sunmscapi.dll

Deoptimization events (20 events):
Event: 12.445 Thread 0x0000027aacafc570 DEOPT PACKING pc=0x0000027a80e3ff63 sp=0x000000d5933f3240
Event: 12.445 Thread 0x0000027aacafc570 DEOPT UNPACKING pc=0x0000027a87584e42 sp=0x000000d5933f2718 mode 0
Event: 12.450 Thread 0x0000027aacafc570 DEOPT PACKING pc=0x0000027a80e3ff63 sp=0x000000d5933f3240
Event: 12.450 Thread 0x0000027aacafc570 DEOPT UNPACKING pc=0x0000027a87584e42 sp=0x000000d5933f2718 mode 0
Event: 12.452 Thread 0x0000027aacafc570 DEOPT PACKING pc=0x0000027a80e3ff63 sp=0x000000d5933f3240
Event: 12.452 Thread 0x0000027aacafc570 DEOPT UNPACKING pc=0x0000027a87584e42 sp=0x000000d5933f2718 mode 0
Event: 12.474 Thread 0x0000027aacafc570 DEOPT PACKING pc=0x0000027a80e3ff63 sp=0x000000d5933f3240
Event: 12.474 Thread 0x0000027aacafc570 DEOPT UNPACKING pc=0x0000027a87584e42 sp=0x000000d5933f2718 mode 0
Event: 12.572 Thread 0x0000027aacafc570 Uncommon trap: trap_request=0xffffff45 fr.pc=0x0000027a87f0ef00 relative=0x0000000000000860
Event: 12.572 Thread 0x0000027aacafc570 Uncommon trap: reason=unstable_if action=reinterpret pc=0x0000027a87f0ef00 method=org.jetbrains.kotlin.metadata.ProtoBuf$Type.getSerializedSize()I @ 176 c2
Event: 12.572 Thread 0x0000027aacafc570 DEOPT PACKING pc=0x0000027a87f0ef00 sp=0x000000d5933f2bc0
Event: 12.572 Thread 0x0000027aacafc570 DEOPT UNPACKING pc=0x0000027a875846a2 sp=0x000000d5933f2b60 mode 2
Event: 12.784 Thread 0x0000027aacafc570 Uncommon trap: trap_request=0xffffff45 fr.pc=0x0000027a87ed7338 relative=0x00000000000000f8
Event: 12.784 Thread 0x0000027aacafc570 Uncommon trap: reason=unstable_if action=reinterpret pc=0x0000027a87ed7338 method=org.jetbrains.kotlin.name.Name.hashCode()I @ 16 c2
Event: 12.784 Thread 0x0000027aacafc570 DEOPT PACKING pc=0x0000027a87ed7338 sp=0x000000d5933f4e50
Event: 12.784 Thread 0x0000027aacafc570 DEOPT UNPACKING pc=0x0000027a875846a2 sp=0x000000d5933f4dd8 mode 2
Event: 12.786 Thread 0x0000027aacafc570 Uncommon trap: trap_request=0xffffff45 fr.pc=0x0000027a87bbf848 relative=0x00000000000000a8
Event: 12.786 Thread 0x0000027aacafc570 Uncommon trap: reason=unstable_if action=reinterpret pc=0x0000027a87bbf848 method=java.lang.CharacterDataLatin1.digit(II)I @ 7 c2
Event: 12.786 Thread 0x0000027aacafc570 DEOPT PACKING pc=0x0000027a87bbf848 sp=0x000000d5933f4cb0
Event: 12.786 Thread 0x0000027aacafc570 DEOPT UNPACKING pc=0x0000027a875846a2 sp=0x000000d5933f4c30 mode 2

Classes loaded (20 events):
Event: 9.693 Loading class java/nio/channels/NonWritableChannelException
Event: 9.693 Loading class java/nio/channels/NonWritableChannelException done
Event: 11.118 Loading class java/text/StringCharacterIterator
Event: 11.119 Loading class java/text/CharacterIterator
Event: 11.119 Loading class java/text/CharacterIterator done
Event: 11.119 Loading class java/text/StringCharacterIterator done
Event: 11.192 Loading class java/util/AbstractList$ListItr
Event: 11.192 Loading class java/util/AbstractList$ListItr done
Event: 11.419 Loading class java/util/function/IntUnaryOperator
Event: 11.419 Loading class java/util/function/IntUnaryOperator done
Event: 11.472 Loading class java/util/AbstractList$SubList
Event: 11.473 Loading class java/util/AbstractList$SubList done
Event: 11.473 Loading class java/util/AbstractList$SubList$1
Event: 11.473 Loading class java/util/AbstractList$SubList$1 done
Event: 11.982 Loading class java/util/concurrent/LinkedBlockingDeque$Itr
Event: 11.983 Loading class java/util/concurrent/LinkedBlockingDeque$AbstractItr
Event: 11.983 Loading class java/util/concurrent/LinkedBlockingDeque$AbstractItr done
Event: 11.983 Loading class java/util/concurrent/LinkedBlockingDeque$Itr done
Event: 12.664 Loading class java/util/AbstractList$RandomAccessSubList
Event: 12.664 Loading class java/util/AbstractList$RandomAccessSubList done

Classes unloaded (0 events):
No events

Classes redefined (0 events):
No events

Internal exceptions (20 events):
Event: 8.907 Thread 0x0000027aacafc570 Exception <a 'java/lang/NoSuchMethodError'{0x00000000ed18d788}: 'void java.lang.invoke.DelegatingMethodHandle$Holder.reinvoke_L(java.lang.Object, java.lang.Object, java.lang.Object, long, java.lang.Object)'> (0x00000000ed18d788) 
thrown [s\open\src\hotspot\share\interpreter\linkResolver.cpp, line 773]
Event: 8.907 Thread 0x0000027aacafc570 Exception <a 'java/lang/NoSuchMethodError'{0x00000000ed1959e0}: 'java.lang.Object java.lang.invoke.DirectMethodHandle$Holder.invokeSpecial(java.lang.Object, java.lang.Object, java.lang.Object, java.lang.Object, long)'> (0x00000000ed1959e0) 
thrown [s\open\src\hotspot\share\interpreter\linkResolver.cpp, line 773]
Event: 8.908 Thread 0x0000027aacafc570 Exception <a 'java/lang/NoSuchMethodError'{0x00000000ed1a53a8}: 'int java.lang.invoke.DelegatingMethodHandle$Holder.reinvoke_L(java.lang.Object, java.lang.Object, java.lang.Object, long, java.lang.Object, java.lang.Object)'> (0x00000000ed1a53a8) 
thrown [s\open\src\hotspot\share\interpreter\linkResolver.cpp, line 773]
Event: 8.908 Thread 0x0000027aacafc570 Exception <a 'java/lang/NoSuchMethodError'{0x00000000ed1b4680}: 'int java.lang.invoke.DelegatingMethodHandle$Holder.reinvoke_L(java.lang.Object, java.lang.Object, java.lang.Object, long, int, int)'> (0x00000000ed1b4680) 
thrown [s\open\src\hotspot\share\interpreter\linkResolver.cpp, line 773]
Event: 8.909 Thread 0x0000027aacafc570 Exception <a 'java/lang/NoSuchMethodError'{0x00000000ed1c3708}: 'int java.lang.invoke.DelegatingMethodHandle$Holder.reinvoke_L(java.lang.Object, java.lang.Object, java.lang.Object, long, long, long)'> (0x00000000ed1c3708) 
thrown [s\open\src\hotspot\share\interpreter\linkResolver.cpp, line 773]
Event: 8.909 Thread 0x0000027aacafc570 Exception <a 'java/lang/NoSuchMethodError'{0x00000000ed1d2470}: 'int java.lang.invoke.DelegatingMethodHandle$Holder.reinvoke_L(java.lang.Object, java.lang.Object, java.lang.Object, long, int)'> (0x00000000ed1d2470) 
thrown [s\open\src\hotspot\share\interpreter\linkResolver.cpp, line 773]
Event: 9.202 Thread 0x0000027aacafc570 Implicit null exception at 0x0000027a87e206c1 to 0x0000027a87e20824
Event: 9.358 Thread 0x0000027aacafc570 Exception <a 'java/lang/NoSuchMethodError'{0x00000000eac85ab8}: 'java.lang.Object java.lang.invoke.Invokers$Holder.invokeExact_MT(java.lang.Object, java.lang.Object, long, java.lang.Object)'> (0x00000000eac85ab8) 
thrown [s\open\src\hotspot\share\interpreter\linkResolver.cpp, line 773]
Event: 9.391 Thread 0x0000027aacafc570 Exception <a 'java/lang/NoSuchMethodError'{0x00000000eaad2348}: 'long java.lang.invoke.DirectMethodHandle$Holder.invokeStatic(java.lang.Object, java.lang.Object, int)'> (0x00000000eaad2348) 
thrown [s\open\src\hotspot\share\interpreter\linkResolver.cpp, line 773]
Event: 9.392 Thread 0x0000027aacafc570 Exception <a 'java/lang/NoSuchMethodError'{0x00000000eaade6a8}: 'java.lang.Object java.lang.invoke.DelegatingMethodHandle$Holder.reinvoke_L(java.lang.Object, int, long, java.lang.Object, java.lang.Object, int, java.lang.Object)'> (0x00000000eaade6a8) 
thrown [s\open\src\hotspot\share\interpreter\linkResolver.cpp, line 773]
Event: 9.659 Thread 0x0000027aacafc570 Implicit null exception at 0x0000027a87c330a7 to 0x0000027a87c33718
Event: 9.665 Thread 0x0000027aacafc570 Implicit null exception at 0x0000027a87c27c93 to 0x0000027a87c29cac
Event: 10.817 Thread 0x0000027aacafc570 Exception <a 'java/lang/NoSuchMethodError'{0x00000000ec2020c8}: 'java.lang.Object java.lang.invoke.DirectMethodHandle$Holder.newInvokeSpecial(java.lang.Object, java.lang.Object, java.lang.Object, java.lang.Object, java.lang.Object, java.lang.Object, java.lang.Object, java.lang.Object, java.lang.Object, java.lang.Object, java.lang.Object, java.lang.Object, java.lang.Object, java.lang.Object, java.lang.Object, java.lang.Object, java.lang.Object, java.lang.Object, java.lang.Object, java.lang.Object, java.lang
Event: 10.832 Thread 0x0000027aacafc570 Exception <a 'java/lang/NoSuchMethodError'{0x00000000ec1e9090}: 'java.lang.Object java.lang.invoke.DirectMethodHandle$Holder.newInvokeSpecial(java.lang.Object, java.lang.Object, java.lang.Object, java.lang.Object, java.lang.Object, java.lang.Object, java.lang.Object, java.lang.Object, java.lang.Object, java.lang.Object, java.lang.Object, java.lang.Object, java.lang.Object, java.lang.Object, java.lang.Object, java.lang.Object, java.lang.Object, java.lang.Object, java.lang.Object, java.lang.Object)'> (0x0000
Event: 10.833 Thread 0x0000027aacafc570 Exception <a 'java/lang/NoSuchMethodError'{0x00000000ec1f09c8}: 'java.lang.Object java.lang.invoke.DirectMethodHandle$Holder.invokeSpecial(java.lang.Object, java.lang.Object, java.lang.Object, java.lang.Object, java.lang.Object, java.lang.Object, java.lang.Object, java.lang.Object, java.lang.Object, java.lang.Object, java.lang.Object, java.lang.Object, java.lang.Object, java.lang.Object, java.lang.Object, java.lang.Object, java.lang.Object, java.lang.Object, java.lang.Object, java.lang.Object, java.lang.Ob
Event: 10.833 Thread 0x0000027aacafc570 Exception <a 'java/lang/NoSuchMethodError'{0x00000000ec1f6e90}: 'java.lang.Object java.lang.invoke.DelegatingMethodHandle$Holder.reinvoke_L(java.lang.Object, java.lang.Object, java.lang.Object, java.lang.Object, java.lang.Object, java.lang.Object, java.lang.Object, java.lang.Object, java.lang.Object, java.lang.Object, java.lang.Object, java.lang.Object, java.lang.Object, java.lang.Object, java.lang.Object, java.lang.Object, java.lang.Object, java.lang.Object, java.lang.Object, java.lang.Object)'> (0x000000
Event: 10.859 Thread 0x0000027aacafc570 Exception <a 'java/lang/NoSuchMethodError'{0x00000000ebe989e8}: 'java.lang.Object java.lang.invoke.DirectMethodHandle$Holder.newInvokeSpecial(java.lang.Object, java.lang.Object, java.lang.Object, java.lang.Object, java.lang.Object, java.lang.Object, java.lang.Object, java.lang.Object, java.lang.Object, java.lang.Object, java.lang.Object, java.lang.Object, java.lang.Object, java.lang.Object, java.lang.Object, java.lang.Object, java.lang.Object, java.lang.Object)'> (0x00000000ebe989e8) 
thrown [s\open\src\ho
Event: 10.860 Thread 0x0000027aacafc570 Exception <a 'java/lang/NoSuchMethodError'{0x00000000ebe9f9e8}: 'java.lang.Object java.lang.invoke.DirectMethodHandle$Holder.invokeSpecial(java.lang.Object, java.lang.Object, java.lang.Object, java.lang.Object, java.lang.Object, java.lang.Object, java.lang.Object, java.lang.Object, java.lang.Object, java.lang.Object, java.lang.Object, java.lang.Object, java.lang.Object, java.lang.Object, java.lang.Object, java.lang.Object, java.lang.Object, java.lang.Object, java.lang.Object)'> (0x00000000ebe9f9e8) 
thrown
Event: 10.860 Thread 0x0000027aacafc570 Exception <a 'java/lang/NoSuchMethodError'{0x00000000ebea5b18}: 'java.lang.Object java.lang.invoke.DelegatingMethodHandle$Holder.reinvoke_L(java.lang.Object, java.lang.Object, java.lang.Object, java.lang.Object, java.lang.Object, java.lang.Object, java.lang.Object, java.lang.Object, java.lang.Object, java.lang.Object, java.lang.Object, java.lang.Object, java.lang.Object, java.lang.Object, java.lang.Object, java.lang.Object, java.lang.Object, java.lang.Object)'> (0x00000000ebea5b18) 
thrown [s\open\src\hots
Event: 12.779 Thread 0x0000027aacafc570 Exception <a 'java/lang/IncompatibleClassChangeError'{0x00000000eb990c28}: Found class java.lang.Object, but interface was expected> (0x00000000eb990c28) 
thrown [s\open\src\hotspot\share\interpreter\linkResolver.cpp, line 840]

ZGC Phase Switch (0 events):
No events

VM Operations (20 events):
Event: 11.069 Executing VM operation: HandshakeAllThreads (Deoptimize)
Event: 11.069 Executing VM operation: HandshakeAllThreads (Deoptimize) done
Event: 11.193 Executing VM operation: HandshakeAllThreads (Deoptimize)
Event: 11.193 Executing VM operation: HandshakeAllThreads (Deoptimize) done
Event: 11.193 Executing VM operation: Cleanup
Event: 11.193 Executing VM operation: Cleanup done
Event: 11.582 Executing VM operation: HandshakeAllThreads (Deoptimize)
Event: 11.582 Executing VM operation: HandshakeAllThreads (Deoptimize) done
Event: 11.712 Executing VM operation: ICBufferFull
Event: 11.712 Executing VM operation: ICBufferFull done
Event: 11.798 Executing VM operation: G1CollectForAllocation (G1 Evacuation Pause)
Event: 11.818 Executing VM operation: G1CollectForAllocation (G1 Evacuation Pause) done
Event: 11.992 Executing VM operation: HandshakeAllThreads (Deoptimize)
Event: 11.992 Executing VM operation: HandshakeAllThreads (Deoptimize) done
Event: 12.366 Executing VM operation: ICBufferFull
Event: 12.366 Executing VM operation: ICBufferFull done
Event: 12.747 Executing VM operation: HandshakeAllThreads (Deoptimize)
Event: 12.747 Executing VM operation: HandshakeAllThreads (Deoptimize) done
Event: 12.791 Executing VM operation: ICBufferFull
Event: 12.791 Executing VM operation: ICBufferFull done

Events (20 events):
Event: 8.395 Thread 0x0000027a9194c9a0 flushing nmethod 0x0000027a87b7e590
Event: 8.395 Thread 0x0000027a9194c9a0 flushing nmethod 0x0000027a87bb3510
Event: 8.395 Thread 0x0000027a9194c9a0 flushing nmethod 0x0000027a87b4ae90
Event: 8.395 Thread 0x0000027a9194c9a0 flushing nmethod 0x0000027a87b59590
Event: 8.395 Thread 0x0000027a9194c9a0 flushing nmethod 0x0000027a87b3c490
Event: 8.395 Thread 0x0000027a9194c9a0 flushing nmethod 0x0000027a87afd690
Event: 8.395 Thread 0x0000027a9194c9a0 flushing nmethod 0x0000027a87ad0a10
Event: 8.451 Thread 0x0000027a91dc2e00 Thread exited: 0x0000027a91dc2e00
Event: 8.572 Thread 0x0000027a91dc2e00 Thread added: 0x0000027a91dc2e00
Event: 8.881 Thread 0x0000027a91dc2e00 Thread exited: 0x0000027a91dc2e00
Event: 9.461 Thread 0x0000027aaed5b6d0 Thread added: 0x0000027aaed5b6d0
Event: 9.481 Thread 0x0000027aab0dbe20 Thread added: 0x0000027aab0dbe20
Event: 10.267 Thread 0x0000027aab0dbe20 Thread exited: 0x0000027aab0dbe20
Event: 10.426 Thread 0x0000027aaed5b6d0 Thread exited: 0x0000027aaed5b6d0
Event: 10.724 Thread 0x0000027aade310c0 Thread added: 0x0000027aade310c0
Event: 11.521 Thread 0x0000027aade310c0 Thread exited: 0x0000027aade310c0
Event: 11.769 Thread 0x0000027ab1015850 Thread added: 0x0000027ab1015850
Event: 11.794 Thread 0x0000027aaf748150 Thread added: 0x0000027aaf748150
Event: 12.120 Thread 0x0000027aaf748150 Thread exited: 0x0000027aaf748150
Event: 12.412 Thread 0x0000027aaf748150 Thread added: 0x0000027aaf748150


Dynamic libraries:
0x00007ff6bef20000 - 0x00007ff6bef2e000 	C:\Users\User\.jdks\openjdk-21.0.1\bin\java.exe
0x00007ff828f60000 - 0x00007ff829150000 	C:\Windows\SYSTEM32\ntdll.dll
0x00007ff828a30000 - 0x00007ff828ae2000 	C:\Windows\System32\KERNEL32.DLL
0x00007ff826970000 - 0x00007ff826c14000 	C:\Windows\System32\KERNELBASE.dll
0x00007ff8267c0000 - 0x00007ff8268ba000 	C:\Windows\System32\ucrtbase.dll
0x00007ff81e9a0000 - 0x00007ff81e9bb000 	C:\Users\User\.jdks\openjdk-21.0.1\bin\VCRUNTIME140.dll
0x00007ff81e8c0000 - 0x00007ff81e8d8000 	C:\Users\User\.jdks\openjdk-21.0.1\bin\jli.dll
0x00007ff827010000 - 0x00007ff8271a4000 	C:\Windows\System32\USER32.dll
0x00007ff8119e0000 - 0x00007ff811c64000 	C:\Windows\WinSxS\amd64_microsoft.windows.common-controls_6595b64144ccf1df_6.0.18362.836_none_e6c4b943130f18ed\COMCTL32.dll
0x00007ff826c20000 - 0x00007ff826c41000 	C:\Windows\System32\win32u.dll
0x00007ff828100000 - 0x00007ff828126000 	C:\Windows\System32\GDI32.dll
0x00007ff828060000 - 0x00007ff8280fe000 	C:\Windows\System32\msvcrt.dll
0x00007ff826d40000 - 0x00007ff826ed4000 	C:\Windows\System32\gdi32full.dll
0x00007ff828af0000 - 0x00007ff828e26000 	C:\Windows\System32\combase.dll
0x00007ff826ca0000 - 0x00007ff826d3e000 	C:\Windows\System32\msvcp_win.dll
0x00007ff8284a0000 - 0x00007ff8285c0000 	C:\Windows\System32\RPCRT4.dll
0x00007ff826f90000 - 0x00007ff827010000 	C:\Windows\System32\bcryptPrimitives.dll
0x00007ff827360000 - 0x00007ff82738e000 	C:\Windows\System32\IMM32.DLL
0x00007ff81eb40000 - 0x00007ff81eb4c000 	C:\Users\User\.jdks\openjdk-21.0.1\bin\vcruntime140_1.dll
0x00007ff800f70000 - 0x00007ff800ffe000 	C:\Users\User\.jdks\openjdk-21.0.1\bin\msvcp140.dll
0x00007ffff2e60000 - 0x00007ffff3b75000 	C:\Users\User\.jdks\openjdk-21.0.1\bin\server\jvm.dll
0x00007ff827c10000 - 0x00007ff827cb3000 	C:\Windows\System32\ADVAPI32.dll
0x00007ff827e00000 - 0x00007ff827e97000 	C:\Windows\System32\sechost.dll
0x00007ff825e30000 - 0x00007ff825e7a000 	C:\Windows\System32\POWRPROF.dll
0x00007ff825e20000 - 0x00007ff825e30000 	C:\Windows\System32\UMPDC.dll
0x00007ff827ff0000 - 0x00007ff82805f000 	C:\Windows\System32\WS2_32.dll
0x00007ff8209e0000 - 0x00007ff8209ea000 	C:\Windows\SYSTEM32\VERSION.dll
0x00007ff823dd0000 - 0x00007ff823df4000 	C:\Windows\SYSTEM32\WINMM.dll
0x00007ff823a30000 - 0x00007ff823a5d000 	C:\Windows\SYSTEM32\winmmbase.dll
0x00007ff826ee0000 - 0x00007ff826f2a000 	C:\Windows\System32\cfgmgr32.dll
0x00007ff825eb0000 - 0x00007ff825ec1000 	C:\Windows\System32\kernel.appcore.dll
0x00007ff81eb00000 - 0x00007ff81eb0a000 	C:\Users\User\.jdks\openjdk-21.0.1\bin\jimage.dll
0x00007ff813ee0000 - 0x00007ff8140d4000 	C:\Windows\SYSTEM32\DBGHELP.DLL
0x00007ff80ed60000 - 0x00007ff80ed8a000 	C:\Windows\SYSTEM32\dbgcore.DLL
0x00007ff81e8b0000 - 0x00007ff81e8bf000 	C:\Users\User\.jdks\openjdk-21.0.1\bin\instrument.dll
0x00007ff81e7a0000 - 0x00007ff81e7bf000 	C:\Users\User\.jdks\openjdk-21.0.1\bin\java.dll
0x00007ff827390000 - 0x00007ff827a74000 	C:\Windows\System32\SHELL32.dll
0x00007ff828220000 - 0x00007ff8282c9000 	C:\Windows\System32\shcore.dll
0x00007ff826040000 - 0x00007ff8267be000 	C:\Windows\System32\windows.storage.dll
0x00007ff825e80000 - 0x00007ff825ea3000 	C:\Windows\System32\profapi.dll
0x00007ff827b30000 - 0x00007ff827b82000 	C:\Windows\System32\shlwapi.dll
0x00007ff826c50000 - 0x00007ff826c67000 	C:\Windows\System32\cryptsp.dll
0x00007ffffc800000 - 0x00007ffffc8d7000 	C:\Users\User\.jdks\openjdk-21.0.1\bin\jsvml.dll
0x00007ff81e570000 - 0x00007ff81e588000 	C:\Users\User\.jdks\openjdk-21.0.1\bin\zip.dll
0x00007ff81e500000 - 0x00007ff81e510000 	C:\Users\User\.jdks\openjdk-21.0.1\bin\net.dll
0x00007ff81b250000 - 0x00007ff81b340000 	C:\Windows\SYSTEM32\WINHTTP.dll
0x00007ff825640000 - 0x00007ff8256a7000 	C:\Windows\system32\mswsock.dll
0x00007ff81dee0000 - 0x00007ff81def6000 	C:\Users\User\.jdks\openjdk-21.0.1\bin\nio.dll
0x00007ff81ded0000 - 0x00007ff81dee0000 	C:\Users\User\.jdks\openjdk-21.0.1\bin\verify.dll
0x00007ff81e940000 - 0x00007ff81e967000 	C:\Users\User\.gradle\native\c067742578af261105cb4f569cf0c3c89f3d7b1fecec35dd04571415982c5e48\windows-amd64\native-platform.dll
0x00007ffffb8e0000 - 0x00007ffffba24000 	C:\Users\User\.gradle\native\38dada09dfb8b06ba9b0570ebf7e218e3eb74d4ef43ca46872605cf95ebc2f47\windows-amd64\native-platform-file-events.dll
0x00007ff81dec0000 - 0x00007ff81deca000 	C:\Users\User\.jdks\openjdk-21.0.1\bin\management.dll
0x00007ff81deb0000 - 0x00007ff81debb000 	C:\Users\User\.jdks\openjdk-21.0.1\bin\management_ext.dll
0x00007ff8282d0000 - 0x00007ff8282d8000 	C:\Windows\System32\PSAPI.DLL
0x00007ff8251c0000 - 0x00007ff8251f3000 	C:\Windows\system32\rsaenh.dll
0x00007ff826c70000 - 0x00007ff826c96000 	C:\Windows\System32\bcrypt.dll
0x00007ff825d10000 - 0x00007ff825d35000 	C:\Windows\SYSTEM32\USERENV.dll
0x00007ff8257c0000 - 0x00007ff8257cc000 	C:\Windows\SYSTEM32\CRYPTBASE.dll
0x00007ff825360000 - 0x00007ff82539a000 	C:\Windows\SYSTEM32\IPHLPAPI.DLL
0x00007ff828f10000 - 0x00007ff828f18000 	C:\Windows\System32\NSI.dll
0x00007ff81dea0000 - 0x00007ff81dea7000 	C:\Users\User\.jdks\openjdk-21.0.1\bin\extnet.dll
0x00007ff81dd90000 - 0x00007ff81dd9e000 	C:\Users\User\.jdks\openjdk-21.0.1\bin\sunmscapi.dll
0x00007ff825ef0000 - 0x00007ff826039000 	C:\Windows\System32\CRYPT32.dll
0x00007ff825ed0000 - 0x00007ff825ee2000 	C:\Windows\System32\MSASN1.dll
0x00007ff825940000 - 0x00007ff825966000 	C:\Windows\SYSTEM32\ncrypt.dll
0x00007ff825900000 - 0x00007ff82593b000 	C:\Windows\SYSTEM32\NTASN1.dll
0x00007ff8209b0000 - 0x00007ff8209b7000 	C:\Windows\system32\wshunix.dll

dbghelp: loaded successfully - version: 4.0.5 - missing functions: none
symbol engine: initialized successfully - sym options: 0x614 - pdb path: .;C:\Users\User\.jdks\openjdk-21.0.1\bin;C:\Windows\SYSTEM32;C:\Windows\WinSxS\amd64_microsoft.windows.common-controls_6595b64144ccf1df_6.0.18362.836_none_e6c4b943130f18ed;C:\Users\User\.jdks\openjdk-21.0.1\bin\server;C:\Users\User\.gradle\native\c067742578af261105cb4f569cf0c3c89f3d7b1fecec35dd04571415982c5e48\windows-amd64;C:\Users\User\.gradle\native\38dada09dfb8b06ba9b0570ebf7e218e3eb74d4ef43ca46872605cf95ebc2f47\windows-amd64

VM Arguments:
jvm_args: --add-opens=java.base/java.util.concurrent.atomic=ALL-UNNAMED -XX:MaxMetaspaceSize=384m -XX:+HeapDumpOnOutOfMemoryError --add-opens=java.base/java.util=ALL-UNNAMED --add-opens=java.base/java.lang=ALL-UNNAMED --add-opens=java.base/java.lang.invoke=ALL-UNNAMED --add-opens=java.prefs/java.util.prefs=ALL-UNNAMED --add-opens=java.base/java.nio.charset=ALL-UNNAMED --add-opens=java.base/java.net=ALL-UNNAMED --add-opens=java.base/java.util.concurrent.atomic=ALL-UNNAMED -Xms256m -Xmx512m -Dfile.encoding=windows-1251 -Duser.country=RU -Duser.language=ru -Duser.variant -javaagent:C:\Users\User\.gradle\wrapper\dists\gradle-8.7-bin\bhs2wmbdwecv87pi65oeuq5iu\gradle-8.7\lib\agents\gradle-instrumentation-agent-8.7.jar 
java_command: org.gradle.launcher.daemon.bootstrap.GradleDaemon 8.7
java_class_path (initial): C:\Users\User\.gradle\wrapper\dists\gradle-8.7-bin\bhs2wmbdwecv87pi65oeuq5iu\gradle-8.7\lib\gradle-launcher-8.7.jar
Launcher Type: SUN_STANDARD

[Global flags]
     intx CICompilerCount                          = 4                                         {product} {ergonomic}
   size_t CompressedClassSpaceSize                 = 335544320                                 {product} {ergonomic}
     uint ConcGCThreads                            = 3                                         {product} {ergonomic}
     uint G1ConcRefinementThreads                  = 10                                        {product} {ergonomic}
   size_t G1HeapRegionSize                         = 1048576                                   {product} {ergonomic}
    uintx GCDrainStackTargetSize                   = 64                                        {product} {ergonomic}
     bool HeapDumpOnOutOfMemoryError               = true                                   {manageable} {command line}
   size_t InitialHeapSize                          = 268435456                                 {product} {command line}
   size_t MarkStackSize                            = 4194304                                   {product} {ergonomic}
   size_t MaxHeapSize                              = 536870912                                 {product} {command line}
   size_t MaxMetaspaceSize                         = 402653184                                 {product} {command line}
   size_t MaxNewSize                               = 321912832                                 {product} {ergonomic}
   size_t MinHeapDeltaBytes                        = 1048576                                   {product} {ergonomic}
   size_t MinHeapSize                              = 268435456                                 {product} {command line}
    uintx NonNMethodCodeHeapSize                   = 5839372                                {pd product} {ergonomic}
    uintx NonProfiledCodeHeapSize                  = 122909434                              {pd product} {ergonomic}
    uintx ProfiledCodeHeapSize                     = 122909434                              {pd product} {ergonomic}
    uintx ReservedCodeCacheSize                    = 251658240                              {pd product} {ergonomic}
     bool SegmentedCodeCache                       = true                                      {product} {ergonomic}
   size_t SoftMaxHeapSize                          = 536870912                              {manageable} {ergonomic}
     bool UseCompressedOops                        = true                           {product lp64_product} {ergonomic}
     bool UseG1GC                                  = true                                      {product} {ergonomic}
     bool UseLargePagesIndividualAllocation        = false                                  {pd product} {ergonomic}

Logging:
Log output configuration:
 #0: stdout all=warning uptime,level,tags foldmultilines=false
 #1: stderr all=off uptime,level,tags foldmultilines=false

Environment Variables:
JAVA_HOME=C:\Program Files\Java\graalvm-ce-java11-20.0.0
PATH=C:\Program Files\ImageMagick-7.1.1-Q16-HDRI;C:\Program Files\NVIDIA GPU Computing Toolkit\CUDA\v11.8\bin;C:\Program Files\NVIDIA GPU Computing Toolkit\CUDA\v11.8\libnvvp;C:\Program Files (x86)\VMware\VMware Workstation\bin\;C:\Program Files\Oculus\Support\oculus-runtime;C:\Program Files\AdoptOpenJDK\jdk-14.0.2.12-hotspot\bin;C:\Program Files (x86)\Common Files\Oracle\Java\javapath;C:\Windows\system32;C:\Windows;C:\Windows\System32\Wbem;C:\Windows\System32\WindowsPowerShell\v1.0\;C:\Windows\System32\OpenSSH\;C:\Program Files\ffmpeg\bin;C:\Program Files\Java\graalvm-ce-java11-20.0.0\bin;C:\Program Files\Common Files\Autodesk Shared\;C:\Program Files\Microsoft SQL Server\120\Tools\Binn\;C:\Program Files\Microsoft Windows Performance Toolkit\;C:\Program Files\PuTTY\;C:\Program Files\Git\cmd;C:\Program Files\dotnet\;C:\Program Files\WireGuard\;C:\Program Files (x86)\NVIDIA Corporation\PhysX\Common;C:\Program Files\CMake\bin;C:\Program Files\NVIDIA Corporation\Nsight Compute 2022.3.0\;D:\Program Files\GitHub CLI\;C:\Users\User\AppData\Local\Programs\Python\Python39\Scripts\;C:\Users\User\AppData\Local\Programs\Python\Python39\;C:\Users\User\AppData\Local\Programs\Python\Python36\Scripts\;C:\Users\User\AppData\Local\Programs\Python\Python36\;C:\Users\User\AppData\Local\Programs\Python\Python38\Scripts\;C:\Users\User\AppData\Local\Programs\Python\Python38\;C:\Users\User\AppData\Local\Microsoft\WindowsApps;C:\Program Files\JetBrains\PyCharm 2020.2\bin;;C:\Users\User\.dotnet\tools;C:\Users\User\Documents\flutter\bin;C:\libraries_electricity\vtk\bin;C:\Qt\6.2.1\msvc2019_64\bin;C:\Users\User\AppData\Local\JetBrains\IntelliJ IDEA 2022.3.2\bin;;C:\Program Files\Kotlin\kotlin-native-windows-x86_64-1.8.20\bin;C:\Program Files\JetBrains\IntelliJ IDEA Community Edition 2023.3.6\bin;;C:\Program Files\JetBrains\PyCharm Community Edition 2023.1.2\bin;;C:\Users\User\AppData\Local\Programs\MiKTeX\miktex\bin\x64\
USERNAME=User
OS=Windows_NT
PROCESSOR_IDENTIFIER=AMD64 Family 23 Model 8 Stepping 2, AuthenticAMD
TMP=C:\Users\User\AppData\Local\Temp
TEMP=C:\Users\User\AppData\Local\Temp




Periodic native trim disabled

---------------  S Y S T E M  ---------------

OS:
 Windows 10 , 64 bit Build 18362 (10.0.18362.778)
OS uptime: 40 days 7:30 hours
Hyper-V role detected

CPU: total 12 (initial active 12) (12 cores per cpu, 2 threads per core) family 23 model 8 stepping 2 microcode 0x0, cx8, cmov, fxsr, ht, mmx, 3dnowpref, sse, sse2, sse3, ssse3, sse4a, sse4.1, sse4.2, popcnt, lzcnt, tsc, tscinvbit, avx, avx2, aes, clmul, bmi1, bmi2, adx, sha, fma, vzeroupper, clflush, clflushopt, hv, rdtscp, f16c
Processor Information for all 12 processors :
  Max Mhz: 3400, Current Mhz: 2800, Mhz Limit: 3400

Memory: 4k page, system-wide physical 32698M (5813M free)
TotalPageFile size 32998M (AvailPageFile size 5M)
current process WorkingSet (physical memory assigned to process): 518M, peak: 518M
current process commit charge ("private bytes"): 569M, peak: 570M

vm_info: OpenJDK 64-Bit Server VM (21.0.1+12-29) for windows-amd64 JRE (21.0.1+12-29), built on 2023-10-05T13:27:09Z by "mach5one" with MS VC++ 17.1 (VS2022)

END.
